Linux 6.6.8-swap-profiling (amd3) 	12/10/24 	_x86_64_	(128 CPU)

08:14:38        CPU     %user     %nice   %system   %iowait    %steal     %idle
08:14:39        all      0.04      0.00      0.02      0.02      0.00     99.91
08:14:40        all      0.88      0.00     52.16      0.00      0.00     46.96
08:14:41        all      0.97      0.00     76.57      0.00      0.00     22.46
08:14:42        all      1.01      0.00     90.19      0.00      0.00      8.81
08:14:43        all      1.55      0.00     95.39      0.00      0.00      3.06
08:14:44        all      0.32      0.00     99.38      0.00      0.00      0.30
08:14:45        all      0.02      0.00     99.95      0.00      0.00      0.03
08:14:46        all      0.00      0.00    100.00      0.00      0.00      0.00
08:14:47        all      0.00      0.00     99.94      0.01      0.00      0.04
08:14:48        all      0.15      0.00     99.48      0.09      0.00      0.27
08:14:49        all      0.22      0.00     99.47      0.10      0.00      0.20
08:14:50        all      0.27      0.00     99.45      0.04      0.00      0.25
08:14:51        all      0.24      0.00     99.06      0.18      0.00      0.52
08:14:52        all      0.29      0.00     82.08     14.12      0.00      3.51
08:14:53        all      0.19      0.00     38.14     55.76      0.00      5.91
08:14:54        all      0.15      0.00     42.91     50.51      0.00      6.43
08:14:55        all      0.33      0.00     54.64     43.41      0.00      1.63
08:14:56        all      0.31      0.00     86.13     12.72      0.00      0.83
08:14:57        all      0.33      0.00     73.35     23.24      0.00      3.08
08:14:58        all      0.28      0.00     65.42     31.97      0.00      2.33
08:14:59        all      0.27      0.00     78.54     20.03      0.00      1.16
08:15:00        all      0.25      0.00     33.82     64.47      0.00      1.46
08:15:01        all      0.10      0.00      5.68     90.12      0.00      4.09
08:15:02        all      0.04      0.00      3.64     90.66      0.00      5.66
08:15:03        all      0.09      0.00      4.51     88.91      0.00      6.49
08:15:04        all      0.07      0.00      4.63     88.27      0.00      7.03
08:15:05        all      0.06      0.00      4.13     88.35      0.00      7.46
08:15:06        all      0.06      0.00      4.51     88.43      0.00      7.00
08:15:07        all      0.09      0.00      5.12     89.03      0.00      5.75
08:15:08        all      0.07      0.00      4.95     88.26      0.00      6.72
08:15:09        all      0.09      0.00      4.55     86.97      0.00      8.38
08:15:10        all      0.23      0.00      5.68     86.37      0.00      7.72
08:15:11        all      0.13      0.00      5.82     84.58      0.00      9.47
08:15:12        all      0.18      0.00      5.81     83.15      0.00     10.85
08:15:13        all      0.12      0.00     10.54     78.42      0.00     10.93
08:15:14        all      0.09      0.00     95.41      2.80      0.00      1.70
08:15:15        all      0.06      0.00     97.90      1.42      0.00      0.62
08:15:16        all      0.01      0.00     99.95      0.04      0.00      0.00
08:15:17        all      0.01      0.00     99.84      0.09      0.00      0.05
08:15:18        all      0.03      0.00     99.90      0.04      0.00      0.03
08:15:19        all      0.01      0.00     99.29      0.30      0.00      0.40
08:15:20        all      0.04      0.00     98.63      0.66      0.00      0.68
08:15:21        all      0.04      0.00     29.77     61.21      0.00      8.97
08:15:22        all      0.06      0.00      6.33     83.95      0.00      9.65
08:15:23        all      0.10      0.00      5.25     83.39      0.00     11.25
08:15:24        all      0.07      0.00      4.93     83.73      0.00     11.27
08:15:25        all      0.10      0.00      5.59     83.06      0.00     11.25
08:15:26        all      0.09      0.00      5.22     84.62      0.00     10.08
08:15:27        all      0.06      0.00      4.51     83.18      0.00     12.25
08:15:28        all      0.10      0.00      4.46     83.25      0.00     12.18
08:15:29        all      0.05      0.00      5.45     83.19      0.00     11.31
08:15:30        all      0.09      0.00      4.86     83.71      0.00     11.33
08:15:31        all      0.10      0.00      4.51     85.79      0.00      9.60
08:15:32        all      0.20      0.00      4.93     86.58      0.00      8.29
08:15:33        all      1.07      0.00      4.85     84.39      0.00      9.70
08:15:34        all      0.65      0.00      5.28     84.26      0.00      9.81
08:15:35        all      0.74      0.00      4.92     85.68      0.00      8.66
08:15:36        all      0.76      0.00      5.05     85.65      0.00      8.53
08:15:37        all      0.74      0.00      5.28     86.61      0.00      7.37
08:15:38        all      0.71      0.00      5.06     83.41      0.00     10.83
08:15:40        all      0.73      0.00      5.08     84.75      0.00      9.44
08:15:41        all      0.73      0.00      5.33     85.82      0.00      8.11
08:15:42        all      0.76      0.00      5.18     83.67      0.00     10.39
08:15:43        all      0.72      0.00      4.36     83.88      0.00     11.05
08:15:44        all      0.70      0.00      4.93     84.76      0.00      9.61
08:15:45        all      0.77      0.00      5.70     85.69      0.00      7.84
08:15:46        all      0.71      0.00      4.85     84.93      0.00      9.51
08:15:47        all      0.82      0.00      4.20     86.64      0.00      8.34
08:15:48        all      0.55      0.00      4.86     85.60      0.00      8.98
08:15:49        all      0.10      0.00      5.03     81.22      0.00     13.65
08:15:50        all      0.06      0.00      5.30     81.35      0.00     13.30
08:15:51        all      0.08      0.00      5.05     81.57      0.00     13.31
08:15:52        all      0.06      0.00      4.84     82.95      0.00     12.16
08:15:53        all      0.09      0.00      4.63     85.54      0.00      9.75
08:15:54        all      0.11      0.00      4.22     87.39      0.00      8.28
08:15:55        all      0.09      0.00      4.61     86.97      0.00      8.33
08:15:56        all      0.07      0.00      4.52     86.80      0.00      8.61
08:15:57        all      0.08      0.00      4.94     87.74      0.00      7.24
08:15:58        all      0.11      0.00      4.73     87.64      0.00      7.52
08:15:59        all      0.07      0.00      4.44     86.71      0.00      8.78
08:16:00        all      0.08      0.00      4.78     86.80      0.00      8.34
08:16:01        all      0.07      0.00      5.09     87.01      0.00      7.82
08:16:02        all      0.04      0.00      4.84     85.36      0.00      9.76
08:16:03        all      0.09      0.00      4.67     85.93      0.00      9.31
08:16:04        all      0.08      0.00      5.74     83.90      0.00     10.28
08:16:05        all      0.07      0.00      5.19     84.04      0.00     10.71
08:16:06        all      0.06      0.00     12.50     78.58      0.00      8.85
08:16:07        all      0.04      0.00     26.92     67.07      0.00      5.98
08:16:08        all      0.02      0.00     40.75     54.76      0.00      4.48
08:16:09        all      0.05      0.00     60.40     35.00      0.00      4.55
08:16:10        all      0.04      0.00     62.30     33.39      0.00      4.27
08:16:11        all      0.06      0.00     80.09     14.90      0.00      4.94
08:16:12        all      0.06      0.00     91.09      5.59      0.00      3.26
08:16:13        all      0.05      0.00     41.91     46.97      0.00     11.07
08:16:14        all      0.13      0.00      5.12     82.27      0.00     12.49
08:16:15        all      0.09      0.00      4.76     82.09      0.00     13.05
08:16:16        all      0.08      0.00      5.20     81.36      0.00     13.36
08:16:17        all      0.05      0.00      5.04     80.83      0.00     14.08
08:16:18        all      0.09      0.00      4.45     80.92      0.00     14.53
08:16:19        all      0.09      0.00      4.63     80.51      0.00     14.77
08:16:20        all      0.03      0.00      5.34     81.88      0.00     12.75
08:16:21        all      0.08      0.00      5.66     82.46      0.00     11.80
08:16:22        all      0.08      0.00      4.41     83.45      0.00     12.06
08:16:23        all      0.07      0.00      4.80     83.54      0.00     11.59
08:16:24        all      0.09      0.00      4.99     84.70      0.00     10.21
08:16:25        all      0.06      0.00      5.47     84.49      0.00      9.98
08:16:26        all      0.08      0.00      4.55     85.70      0.00      9.67
08:16:27        all      0.00      0.00      4.59     84.92      0.00     10.49
08:16:28        all      0.07      0.00      5.00     84.37      0.00     10.56
08:16:29        all      0.13      0.00      5.11     84.34      0.00     10.41
08:16:30        all      0.11      0.00      4.57     85.54      0.00      9.78
08:16:31        all      0.04      0.00      5.33     86.85      0.00      7.78
08:16:32        all      0.13      0.00      4.67     87.41      0.00      7.79
08:16:33        all      0.06      0.00      5.12     87.39      0.00      7.44
08:16:34        all      0.09      0.00      4.62     87.21      0.00      8.08
08:16:35        all      0.07      0.00      4.97     87.59      0.00      7.37
08:16:36        all      0.09      0.00      5.03     87.78      0.00      7.10
08:16:37        all      0.07      0.00      4.59     89.10      0.00      6.24
08:16:38        all      0.10      0.00      4.15     89.05      0.00      6.70
08:16:39        all      0.07      0.00      5.01     86.52      0.00      8.40
08:16:40        all      0.08      0.00      4.57     85.97      0.00      9.38
08:16:41        all      0.09      0.00      3.93     86.26      0.00      9.72
08:16:42        all      0.05      0.00      4.36     85.81      0.00      9.78
08:16:43        all      0.09      0.00      5.21     85.21      0.00      9.49
08:16:44        all      0.12      0.00      4.49     84.77      0.00     10.61
08:16:45        all      0.07      0.00      3.80     84.19      0.00     11.93
08:16:46        all      0.09      0.00      3.46     84.15      0.00     12.30
08:16:47        all      0.08      0.00      4.31     84.24      0.00     11.37
08:16:48        all      0.09      0.00      5.00     81.41      0.00     13.50
08:16:49        all      0.05      0.00      3.61     79.97      0.00     16.37
08:16:50        all      0.14      0.00      3.60     81.17      0.00     15.08
08:16:51        all      0.09      0.00      4.05     82.27      0.00     13.59
08:16:52        all      0.04      0.00      4.41     81.72      0.00     13.83
08:16:53        all      0.09      0.00      3.58     81.79      0.00     14.54
08:16:54        all      0.10      0.00      3.99     80.92      0.00     14.99
08:16:55        all      0.09      0.00      3.70     79.47      0.00     16.73
08:16:56        all      0.09      0.00      3.68     76.32      0.00     19.91
08:16:57        all      0.06      0.00      3.16     77.22      0.00     19.56
08:16:58        all      0.06      0.00      3.43     78.40      0.00     18.11
08:16:59        all      0.25      0.00      4.08     76.50      0.00     19.17
08:17:00        all      0.24      0.00      1.97     76.60      0.00     21.18
08:17:01        all      0.09      0.00      2.16     81.86      0.00     15.89
08:17:02        all      0.04      0.00      1.92     88.07      0.00      9.97
08:17:03        all      0.07      0.00      2.20     87.78      0.00      9.95
08:17:04        all      0.07      0.00      2.27     87.89      0.00      9.77
08:17:05        all      0.09      0.00      2.39     86.54      0.00     10.99
08:17:06        all      0.06      0.00      2.41     87.29      0.00     10.25
08:17:07        all      0.08      0.00      2.20     88.39      0.00      9.33
08:17:08        all      0.07      0.00      3.16     87.17      0.00      9.60
08:17:09        all      0.04      0.00      2.46     88.58      0.00      8.92
08:17:10        all      0.13      0.00      2.68     87.68      0.00      9.52
08:17:11        all      0.43      0.00      2.81     85.19      0.00     11.57
08:17:12        all      0.38      0.00      2.58     79.56      0.00     17.48
08:17:13        all      0.50      0.00      2.85     80.89      0.00     15.76
08:17:14        all      0.44      0.00      2.86     77.95      0.00     18.75
08:17:15        all      0.02      0.00      2.49     78.33      0.00     19.16
08:17:16        all      0.10      0.00      2.24     78.87      0.00     18.78
08:17:17        all      0.05      0.00      2.09     79.30      0.00     18.56
08:17:18        all      0.05      0.00      2.06     80.18      0.00     17.71
08:17:19        all      0.05      0.00      1.85     80.67      0.00     17.43
08:17:20        all      0.07      0.00      2.19     80.47      0.00     17.27
08:17:21        all      0.10      0.00      2.29     80.85      0.00     16.76
08:17:22        all      0.09      0.00      2.04     80.22      0.00     17.65
08:17:23        all      0.07      0.00      2.04     81.42      0.00     16.47
08:17:24        all      0.06      0.00      1.77     81.61      0.00     16.56
08:17:25        all      0.42      0.00      2.30     71.36      0.00     25.92
08:17:26        all      0.21      0.00      2.21     69.24      0.00     28.33
08:17:27        all      0.65      0.00      2.39     68.51      0.00     28.45
08:17:28        all      0.24      0.00      2.12     66.98      0.00     30.67
08:17:29        all      0.07      0.00      1.91     70.98      0.00     27.04
08:17:30        all      0.06      0.00      2.08     70.77      0.00     27.10
08:17:31        all      0.09      0.00      2.00     71.05      0.00     26.86
08:17:32        all      0.08      0.00      2.32     71.48      0.00     26.13
08:17:33        all      0.06      0.00      1.86     72.22      0.00     25.86
08:17:34        all      0.04      0.00      1.94     71.89      0.00     26.13
08:17:35        all      0.09      0.00      2.11     72.00      0.00     25.81
08:17:36        all      0.06      0.00      1.97     72.08      0.00     25.89
08:17:37        all      0.10      0.00      2.11     71.94      0.00     25.85
08:17:38        all      0.17      0.00      1.91     69.59      0.00     28.33
08:17:39        all      0.49      0.00      2.05     69.76      0.00     27.71
08:17:40        all      0.44      0.00      2.54     65.05      0.00     31.97
08:17:41        all      0.09      0.00      2.06     68.65      0.00     29.21
08:17:42        all      0.04      0.00      1.97     69.56      0.00     28.43
08:17:43        all      0.04      0.00      1.98     70.35      0.00     27.63
08:17:44        all      0.13      0.00      2.03     71.48      0.00     26.36
08:17:45        all      0.13      0.00      2.73     71.78      0.00     25.37
08:17:46        all      0.11      0.00      2.33     72.40      0.00     25.16
08:17:47        all      0.13      0.00      2.36     72.81      0.00     24.70
08:17:48        all      0.08      0.00      2.26     74.07      0.00     23.60
08:17:49        all      0.10      0.00      2.25     77.54      0.00     20.11
08:17:50        all      0.06      0.00      2.13     77.39      0.00     20.42
08:17:51        all      0.35      0.00      2.60     72.53      0.00     24.53
08:17:52        all      0.42      0.00      2.47     72.79      0.00     24.32
08:17:53        all      0.50      0.00      2.60     71.86      0.00     25.04
08:17:54        all      0.19      0.00      2.41     75.00      0.00     22.40
08:17:55        all      0.06      0.00      1.88     76.46      0.00     21.59
08:17:56        all      0.05      0.00      2.45     75.94      0.00     21.56
08:17:57        all      0.11      0.00      2.24     75.43      0.00     22.22
08:17:58        all      0.13      0.00      2.16     76.04      0.00     21.67
08:17:59        all      0.10      0.00      2.17     77.57      0.00     20.15
08:18:00        all      0.07      0.00      2.30     76.89      0.00     20.74
08:18:01        all      0.10      0.00      2.36     77.21      0.00     20.32
08:18:02        all      0.09      0.00      2.13     77.96      0.00     19.82
08:18:03        all      0.08      0.00      2.42     77.31      0.00     20.19
08:18:04        all      0.43      0.00      2.49     77.31      0.00     19.78
08:18:05        all      0.23      0.00      2.19     71.29      0.00     26.29
08:18:06        all      0.87      0.00      2.44     74.63      0.00     22.05
08:18:07        all      0.33      0.00      2.67     74.73      0.00     22.27
08:18:08        all      0.10      0.00      2.68     76.77      0.00     20.45
08:18:09        all      0.06      0.00      2.81     76.49      0.00     20.64
08:18:10        all      0.07      0.00      2.24     77.58      0.00     20.10
08:18:11        all      0.12      0.00      2.07     78.23      0.00     19.59
08:18:12        all      0.09      0.00      2.39     77.54      0.00     19.98
08:18:13        all      0.10      0.00      2.65     77.97      0.00     19.27
08:18:14        all      0.09      0.00      2.65     79.54      0.00     17.71
08:18:15        all      0.07      0.00      2.85     77.78      0.00     19.30
08:18:16        all      0.07      0.00      2.68     77.42      0.00     19.83
08:18:17        all      0.14      0.00      3.01     77.50      0.00     19.34
08:18:18        all      0.48      0.00      2.96     73.67      0.00     22.90
08:18:19        all      0.20      0.00      2.26     75.43      0.00     22.12
08:18:20        all      0.51      0.00      2.33     73.47      0.00     23.69
08:18:21        all      0.14      0.00      2.04     71.92      0.00     25.90
08:18:22        all      0.06      0.00      1.96     73.59      0.00     24.38
08:18:23        all      0.08      0.00      2.33     73.45      0.00     24.14
08:18:24        all      0.05      0.00      2.07     75.32      0.00     22.55
08:18:25        all      0.09      0.00      2.09     75.10      0.00     22.71
08:18:26        all      0.11      0.00      2.11     75.04      0.00     22.74
08:18:27        all      0.08      0.00      2.02     75.33      0.00     22.56
08:18:28        all      0.06      0.00      2.13     74.98      0.00     22.82
08:18:29        all      0.08      0.00      1.96     74.88      0.00     23.08
08:18:30        all      0.05      0.00      1.96     74.46      0.00     23.53
08:18:31        all      0.72      0.00      2.69     70.43      0.00     26.17
08:18:32        all      0.43      0.00      2.04     63.19      0.00     34.34
08:18:33        all      0.08      0.00      1.81     71.89      0.00     26.22
08:18:34        all      0.05      0.00      1.99     72.74      0.00     25.22
08:18:35        all      0.06      0.00      1.81     72.37      0.00     25.76
08:18:36        all      0.08      0.00      2.19     71.63      0.00     26.11
08:18:37        all      0.03      0.00      1.93     71.89      0.00     26.14
08:18:38        all      0.07      0.00      2.14     71.73      0.00     26.06
08:18:39        all      0.12      0.00      2.46     71.90      0.00     25.52
08:18:40        all      0.08      0.00      2.38     72.90      0.00     24.64
08:18:41        all      0.10      0.00      2.58     72.48      0.00     24.84
08:18:42        all      0.11      0.00      2.78     72.07      0.00     25.04
08:18:43        all      0.61      0.00      3.14     68.42      0.00     27.83
08:18:44        all      0.56      0.00      3.01     69.28      0.00     27.16
08:18:45        all      0.64      0.00      2.91     66.64      0.00     29.82
08:18:46        all      0.11      0.00      2.80     69.97      0.00     27.13
08:18:47        all      0.10      0.00      2.68     70.76      0.00     26.46
08:18:48        all      0.16      0.00      3.00     71.08      0.00     25.76
08:18:49        all      0.08      0.00      2.91     71.03      0.00     25.99
08:18:50        all      0.08      0.00      3.17     71.43      0.00     25.32
08:18:51        all      0.05      0.00      2.71     72.42      0.00     24.82
08:18:52        all      0.08      0.00      2.65     72.52      0.00     24.75
08:18:53        all      0.09      0.00      2.41     72.76      0.00     24.75
08:18:54        all      0.06      0.00      2.82     72.17      0.00     24.95
08:18:55        all      0.07      0.00      2.70     72.41      0.00     24.82
08:18:56        all      0.57      0.00      2.67     70.90      0.00     25.86
08:18:57        all      0.33      0.00      2.60     68.39      0.00     28.68
08:18:58        all      0.51      0.00      3.06     63.91      0.00     32.52
08:18:59        all      0.35      0.00      2.71     62.63      0.00     34.30
08:19:00        all      0.08      0.00      2.19     66.30      0.00     31.44
08:19:01        all      0.13      0.00      2.15     65.98      0.00     31.74
08:19:02        all      0.18      0.00      4.15     64.56      0.00     31.11
08:19:03        all      0.15      0.00      4.82     63.99      0.00     31.03
08:19:04        all      0.21      0.00      4.59     64.07      0.00     31.13
08:19:05        all      0.23      0.00      4.12     63.98      0.00     31.68
08:19:06        all      0.14      0.00      5.29     63.92      0.00     30.65
08:19:07        all      0.16      0.00      4.25     65.47      0.00     30.13
08:19:08        all      0.19      0.00      4.25     64.75      0.00     30.82
08:19:09        all      0.43      0.00      4.24     64.03      0.00     31.29
08:19:10        all      0.98      0.00      4.87     61.44      0.00     32.71
08:19:11        all      0.28      0.00      6.59     63.06      0.00     30.07
08:19:12        all      0.28      0.00      9.12     67.10      0.00     23.50
08:19:13        all      0.23      0.00      9.48     75.41      0.00     14.88
08:19:14        all      0.25      0.00      6.86     78.07      0.00     14.82
08:19:15        all      0.16      0.00     15.92     73.98      0.00      9.94
08:19:16        all      0.17      0.00     27.67     70.15      0.00      2.00
08:19:17        all      0.17      0.00     17.25     81.28      0.00      1.30
08:19:18        all      0.16      0.00     20.87     77.32      0.00      1.64
08:19:19        all      0.18      0.00     22.55     75.81      0.00      1.46
08:19:20        all      0.15      0.00      4.37     93.94      0.00      1.54
08:19:21        all      0.33      0.00      4.61     85.73      0.00      9.33
08:19:22        all      0.53      0.00      4.62     77.05      0.00     17.79
08:19:23        all      0.23      0.00      4.58     69.50      0.00     25.69
08:19:24        all      0.27      0.00      4.51     67.34      0.00     27.89
08:19:25        all      0.21      0.00      4.05     69.67      0.00     26.07
08:19:26        all      0.19      0.00      3.98     69.38      0.00     26.46
08:19:27        all      0.19      0.00      4.08     69.63      0.00     26.10
08:19:28        all      0.20      0.00      4.20     68.38      0.00     27.21
08:19:29        all      0.13      0.00      4.02     69.31      0.00     26.54
08:19:30        all      0.17      0.00     13.75     70.03      0.00     16.04
08:19:31        all      0.21      0.00     19.83     75.43      0.00      4.52
08:19:32        all      0.21      0.00     10.18     87.38      0.00      2.22
08:19:33        all      0.25      0.00     12.39     84.85      0.00      2.51
08:19:34        all      0.23      0.00      9.80     85.31      0.00      4.66
08:19:35        all      0.49      0.00     11.01     77.39      0.00     11.11
08:19:36        all      0.33      0.00      9.56     77.16      0.00     12.94
08:19:37        all      0.30      0.00      9.43     77.84      0.00     12.44
08:19:38        all      0.40      0.00      4.28     75.18      0.00     20.14
08:19:39        all      0.29      0.00      4.20     78.99      0.00     16.52
08:19:40        all      0.16      0.00      4.32     80.55      0.00     14.97
08:19:41        all      0.19      0.00      4.65     82.46      0.00     12.69
08:19:42        all      0.17      0.00      7.47     84.44      0.00      7.92
08:19:43        all      0.19      0.00      5.00     90.04      0.00      4.77
08:19:44        all      0.20      0.00      8.26     86.89      0.00      4.65
08:19:45        all      0.23      0.00     15.38     81.74      0.00      2.65
08:19:46        all      0.13      0.00     12.55     86.18      0.00      1.15
08:19:47        all      0.17      0.00     13.23     85.55      0.00      1.06
08:19:48        all      0.33      0.00     12.75     82.81      0.00      4.12
08:19:49        all      0.25      0.00     11.41     78.84      0.00      9.50
08:19:50        all      0.60      0.00      4.62     76.99      0.00     17.78
08:19:51        all      0.53      0.00      4.69     75.22      0.00     19.55
08:19:52        all      0.33      0.00      4.67     75.77      0.00     19.22
08:19:53        all      0.21      0.00      4.32     79.84      0.00     15.64
08:19:54        all      0.17      0.00      4.43     81.41      0.00     13.99
08:19:55        all      0.23      0.00      4.37     80.73      0.00     14.66
08:19:56        all      0.26      0.00      4.34     80.77      0.00     14.63
08:19:57        all      0.18      0.00      4.41     80.58      0.00     14.82
08:19:58        all      0.22      0.00      4.61     81.37      0.00     13.81
08:19:59        all      0.21      0.00      4.63     81.00      0.00     14.16
08:20:00        all      0.24      0.00      4.70     81.02      0.00     14.05
08:20:01        all      0.18      0.00      7.02     82.30      0.00     10.49
08:20:02        all      0.31      0.00     12.55     81.12      0.00      6.02
08:20:03        all      0.71      0.00     12.56     77.46      0.00      9.28
08:20:04        all      0.53      0.00     11.79     77.06      0.00     10.61
08:20:05        all      0.64      0.00     15.29     74.89      0.00      9.18
08:20:06        all      0.53      0.00     12.75     72.93      0.00     13.79
08:20:07        all      0.14      0.00     25.35     65.44      0.00      9.07
08:20:08        all      0.05      0.00     94.45      4.83      0.00      0.67
08:20:09        all      0.00      0.00    100.00      0.00      0.00      0.00
08:20:10        all      0.01      0.00     99.93      0.00      0.00      0.06
08:20:11        all      0.00      0.00     99.72      0.00      0.00      0.28
08:20:12        all      0.00      0.00     97.17      0.00      0.00      2.83
08:20:13        all      0.00      0.00     95.33      0.01      0.00      4.66
08:20:14        all      0.00      0.00     88.54      0.00      0.00     11.46

Average:        all      0.20      0.00     14.49     70.02      0.00     15.29
