Elapsed_Time(s), Memory_Usage(Bytes), Access_Count, Avg_Latency(ns)
0, 24813568, 6059, 15055.85
1, 281079808, 62565, 15916.75
2, 543358976, 64033, 15550.67
3, 783323136, 58585, 17001.03
4, 895418368, 27367, 40286.38
5, 902053888, 1620, 734272.70
6, 904986624, 716, 1385602.33
7, 906022912, 253, 3366357.41
8, 972693504, 16277, 56945.90
9, 1050189824, 18920, 51312.23
10, 1134452736, 20572, 46702.21
11, 1212817408, 19132, 52814.28
12, 1282252800, 16952, 60561.18
13, 1356963840, 18240, 53094.67
14, 1448660992, 22387, 44172.62
15, 1547657216, 24169, 41845.73
16, 1638653952, 22216, 44663.69
17, 1727438848, 21676, 45773.19
18, 1819529216, 22483, 44419.58
19, 1911111680, 22359, 44915.38
20, 1992249344, 19809, 50304.48
21, 2072879104, 19685, 51186.36
22, 2145013760, 17611, 56950.69
23, 2248704000, 25315, 39352.31
24, 2334339072, 20907, 47646.34
25, 2419843072, 20875, 47219.65
26, 2526519296, 26044, 38722.31
27, 2626408448, 24387, 40518.59
28, 2724196352, 23874, 43131.27
29, 2809839616, 20909, 46265.04
30, 2891218944, 19868, 51347.69
31, 2964402176, 17867, 56117.66
32, 3065704448, 24732, 42063.46
33, 3129561088, 15590, 61037.01
34, 3193188352, 15534, 63337.91
35, 3267629056, 18174, 56558.49
36, 3329859584, 15193, 65990.24
37, 3391414272, 15028, 67517.94
38, 3475709952, 20580, 45969.67
39, 3558600704, 20237, 49301.15
40, 3621728256, 15412, 66264.52
41, 3680243712, 14286, 69083.50
42, 3730231296, 12204, 81001.99
43, 3799580672, 16931, 59166.26
44, 3979759616, 43989, 22647.78
45, 4084969472, 25686, 38894.59
46, 4242161664, 38377, 26043.20
47, 4350025728, 26334, 38180.03
48, 4526161920, 43002, 22895.98
49, 4654182400, 31255, 32294.95
50, 4750954496, 23626, 42280.23
51, 4831838208, 20572, 48272.82
52, 4831838208, 6208, 159833.96
53, 4831838208, 5768, 174477.07
54, 4831838208, 4752, 209506.50
55, 4831838208, 5976, 168178.98
56, 4831838208, 6120, 164050.16
57, 4831838208, 6872, 144083.14
58, 4831838208, 7432, 133492.62
59, 4831838208, 5968, 171613.43
60, 4831838208, 9063, 107271.79
61, 4831838208, 7913, 128718.79
62, 4831838208, 9976, 100121.37
63, 4831838208, 9176, 106659.98
64, 4831838208, 11032, 95919.69
65, 4831838208, 10331, 90631.87
66, 4831838208, 9845, 108631.78
67, 4831838208, 10018, 92749.15
68, 4831838208, 10302, 102853.06
69, 4831838208, 9800, 95798.08
70, 4831838208, 12112, 82137.03
71, 4831838208, 12672, 79467.82
72, 4831838208, 12112, 81636.28
73, 4831838208, 11568, 86718.61
74, 4831838208, 10736, 92717.24
75, 4831838208, 10000, 100518.29
76, 4831838208, 11080, 89231.04
77, 4831838208, 12000, 86629.25
78, 4831838208, 10984, 87976.52
79, 4831838208, 9824, 100505.74
80, 4831838208, 10144, 99095.94
81, 4831838208, 10840, 91437.49
82, 4831838208, 11120, 90402.35
83, 4831838208, 10840, 91266.49
84, 4831838208, 9832, 101965.60
85, 4831838208, 10676, 93378.73
86, 4831838208, 12620, 78787.08
87, 4831838208, 11440, 87261.31
88, 4831838208, 12664, 79226.70
89, 4831838208, 10608, 93642.78
90, 4831838208, 10624, 93911.25
91, 4831838208, 10846, 92205.03
92, 4831838208, 11596, 85880.69
93, 4831838208, 11486, 86968.94
94, 4831838208, 10576, 94330.50
95, 4831838208, 10840, 93321.89
96, 4831838208, 12768, 77103.11
97, 4831838208, 11184, 90115.91
98, 4831838208, 12658, 78119.23
99, 4831838208, 12958, 77003.79
100, 4831838208, 12328, 81169.83
101, 4831838208, 13080, 76160.44
102, 4831838208, 11848, 84968.53
103, 4831838208, 11880, 83454.37
104, 4831838208, 12568, 79880.96
105, 4831838208, 12472, 79357.82
106, 4831838208, 13184, 75701.12
107, 4831838208, 10594, 94112.75
108, 4831838208, 11606, 86130.45
109, 4831838208, 11392, 87485.65
110, 4831838208, 11120, 90867.41
111, 4831838208, 10136, 97411.47
112, 4831838208, 10645, 93455.64
113, 4831838208, 11313, 88229.74
114, 4831838208, 11143, 89690.33
115, 4831838208, 11507, 86656.18
116, 4831838208, 11336, 88054.53
117, 4831838208, 12512, 79756.84
118, 4831838208, 11800, 84555.64
119, 4831838208, 10842, 92148.26
120, 4831838208, 10510, 94925.04
121, 4831838208, 12968, 76942.44
122, 4831838208, 10832, 92466.60
123, 4831838208, 9864, 100802.22
124, 4831838208, 12007, 83202.81
125, 4831838208, 12905, 77379.35
126, 4831838208, 12376, 81683.17
127, 4831838208, 10000, 99500.09
128, 4831838208, 11587, 85164.89
129, 4831838208, 11933, 83667.02
130, 4831838208, 11672, 86111.12
131, 4831838208, 13552, 73161.31
132, 4831838208, 11360, 87935.54
133, 4831838208, 11896, 84442.33
134, 4831838208, 11168, 88984.83
135, 4831838208, 10970, 90785.45
136, 4831838208, 11857, 84188.09
137, 4831838208, 11493, 86878.46
138, 4831838208, 14552, 69246.56
139, 4831838208, 11472, 86501.37
140, 4831838208, 9352, 106734.34
141, 4831838208, 10440, 96122.55
142, 4831838208, 10720, 93097.93
143, 4831838208, 8584, 115051.89
144, 4831838208, 11912, 84071.97
145, 4831838208, 11728, 85517.88
146, 4831838208, 13169, 75213.19
147, 4831838208, 12628, 78948.61
148, 4831838208, 11718, 85184.53
149, 4831838208, 13422, 74348.88
150, 4831838208, 19295, 51657.66
151, 4831838208, 14435, 69202.49
152, 4831838208, 16653, 59853.54
153, 4831838208, 17704, 56318.94
154, 4831838208, 29064, 34272.12
