Elapsed_Time(s), Memory_Usage(Bytes), Access_Count, Avg_Latency(ns)
0, 79945728, 19519, 10701.00
1, 381775872, 73689, 13504.11
2, 686989312, 74515, 13354.21
3, 932491264, 59937, 16619.90
4, 1034432512, 24888, 43835.64
5, 1036058624, 397, 2352283.99
6, 1038471168, 589, 1706388.93
7, 1051009024, 3061, 329790.42
8, 1095282688, 10809, 94095.13
9, 1154621440, 14487, 66762.99
10, 1234440192, 19487, 49840.82
11, 1317937152, 20385, 49894.98
12, 1395466240, 18928, 53734.77
13, 1469931520, 18180, 54902.63
14, 1565188096, 23256, 41676.61
15, 1651122176, 20980, 47644.37
16, 1761136640, 26859, 36849.93
17, 1861308416, 24456, 40808.40
18, 1939181568, 19012, 52533.91
19, 2042867712, 25314, 39765.72
20, 2138681344, 23392, 42730.10
21, 2246021120, 26206, 38359.10
22, 2307772416, 15076, 68199.63
23, 2373222400, 15979, 63327.06
24, 2434756608, 15023, 62947.82
25, 2505818112, 17349, 57698.76
26, 2586537984, 19707, 50387.44
27, 2670743552, 20558, 48519.61
28, 2728906752, 14200, 73099.40
29, 2798231552, 16925, 56631.90
30, 2866515968, 16671, 60513.47
31, 2945101824, 19186, 51984.62
32, 2996666368, 12589, 80048.02
33, 3061972992, 15944, 64026.46
34, 3117404160, 13533, 73262.92
35, 3163021312, 11137, 91729.58
36, 3206873088, 10706, 91866.56
37, 3243560960, 8957, 113250.46
38, 3279753216, 8836, 111875.99
39, 3334979584, 13483, 70933.84
40, 3404152832, 16888, 61101.93
41, 3466563584, 15237, 64053.55
42, 3534991360, 16706, 59206.97
43, 3593465856, 14276, 72228.82
44, 3651371008, 14137, 69416.14
45, 3698348032, 11469, 86187.20
46, 3757944832, 14550, 69291.05
47, 3857289216, 24254, 40778.48
48, 3929751552, 17691, 56211.71
49, 4044623872, 28045, 35849.50
50, 4131291136, 21159, 46926.66
51, 4211257344, 19523, 51252.30
52, 4309893120, 24081, 41757.25
53, 4426293248, 28418, 35040.22
54, 4527575040, 24727, 40108.59
55, 4658122752, 31872, 31439.14
56, 4801159168, 34921, 28566.80
57, 4831838208, 12171, 81873.75
58, 4831838208, 7224, 139204.60
59, 4831838208, 6656, 151998.05
60, 4831838208, 10008, 97236.79
61, 4831838208, 9232, 110451.11
62, 4831838208, 9632, 103346.05
63, 4831838208, 9546, 102807.81
64, 4831838208, 11390, 92614.76
65, 4831838208, 8710, 107943.48
66, 4831838208, 10466, 102240.34
67, 4831838208, 9405, 98530.67
68, 4831838208, 9923, 106215.76
69, 4831838208, 10814, 87029.92
70, 4831838208, 9378, 106299.04
71, 4831838208, 12768, 78850.19
72, 4831838208, 12848, 77250.24
73, 4831838208, 11000, 90869.99
74, 4831838208, 12016, 82906.36
75, 4831838208, 9976, 100290.58
76, 4831838208, 11200, 88773.32
77, 4831838208, 10224, 100799.84
78, 4831838208, 10000, 97607.89
79, 4831838208, 9948, 99272.88
80, 4831838208, 9884, 102242.79
81, 4831838208, 11783, 83645.85
82, 4831838208, 11761, 85440.66
83, 4831838208, 12920, 76598.99
84, 4831838208, 12328, 81526.37
85, 4831838208, 11112, 89152.95
86, 4831838208, 11090, 89994.28
87, 4831838208, 11555, 86376.33
88, 4831838208, 11411, 88409.20
89, 4831838208, 11128, 88782.06
90, 4831838208, 11389, 87587.04
91, 4831838208, 12363, 80785.81
92, 4831838208, 10616, 94008.12
93, 4831838208, 10984, 91075.87
94, 4831838208, 10098, 98671.09
95, 4831838208, 10198, 99101.46
96, 4831838208, 11328, 86953.48
97, 4831838208, 12728, 79088.05
98, 4831838208, 11184, 88504.81
99, 4831838208, 12216, 81708.40
100, 4831838208, 11888, 84393.92
101, 4831838208, 11536, 86334.52
102, 4831838208, 12240, 82201.29
103, 4831838208, 12160, 81325.95
104, 4831838208, 12920, 77646.54
105, 4831838208, 13000, 76287.87
106, 4831838208, 12547, 79606.43
107, 4831838208, 10823, 92169.95
108, 4831838208, 12161, 82097.67
109, 4831838208, 11161, 89403.00
110, 4831838208, 12092, 83752.86
111, 4831838208, 10448, 94128.27
112, 4831838208, 12240, 81691.01
113, 4831838208, 10944, 90935.43
114, 4831838208, 10203, 97825.77
115, 4831838208, 11925, 83737.42
116, 4831838208, 11768, 84823.97
117, 4831838208, 11856, 84147.31
118, 4831838208, 11720, 85374.58
119, 4831838208, 10872, 91670.79
120, 4831838208, 10432, 96138.66
121, 4831838208, 10504, 94678.90
122, 4831838208, 11496, 86884.02
123, 4831838208, 10336, 96472.85
124, 4831838208, 9880, 101064.49
125, 4831838208, 12200, 81744.06
126, 4831838208, 11552, 87588.41
127, 4831838208, 12256, 81150.17
128, 4831838208, 12203, 81237.33
129, 4831838208, 13125, 75803.28
130, 4831838208, 12880, 77722.44
131, 4831838208, 11560, 86096.32
132, 4831838208, 11934, 83722.54
133, 4831838208, 11194, 89873.52
134, 4831838208, 10828, 91462.56
135, 4831838208, 12148, 82120.11
136, 4831838208, 11676, 85611.72
137, 4831838208, 11684, 85342.63
138, 4831838208, 12368, 81546.27
139, 4831838208, 10752, 91880.90
140, 4831838208, 9360, 107016.75
141, 4831838208, 9880, 101601.81
142, 4831838208, 10472, 95296.20
143, 4831838208, 10386, 95146.07
144, 4831838208, 12670, 79284.43
145, 4831838208, 11640, 85985.27
146, 4831838208, 12072, 82192.36
147, 4831838208, 11104, 90612.34
148, 4831838208, 11248, 88882.36
149, 4831838208, 11829, 83362.78
150, 4831838208, 18066, 55153.01
151, 4831838208, 12513, 79830.14
152, 4831838208, 15656, 63693.93
153, 4831838208, 16432, 60563.55
154, 4831838208, 28515, 34874.04
155, 4831838208, 26189, 38040.17
