Elapsed_Time(s), Memory_Usage(Bytes), Access_Count, Avg_Latency(ns)
0, 43122688, 10529, 12506.04
1, 298070016, 62243, 15998.22
2, 537645056, 58490, 17031.12
3, 740864000, 49614, 20087.55
4, 828243968, 21333, 51690.16
5, 833536000, 1292, 713921.82
6, 836030464, 609, 1909077.60
7, 847343616, 2762, 293988.46
8, 875393024, 6848, 146805.75
9, 911872000, 8906, 115384.06
10, 973201408, 14973, 64349.56
11, 1029496832, 13744, 73910.66
12, 1082564608, 12956, 79230.04
13, 1147318272, 15809, 62220.23
14, 1223315456, 18554, 52597.93
15, 1312337920, 21734, 46020.22
16, 1417543680, 25685, 38552.95
17, 1523404800, 25845, 38625.47
18, 1616388096, 22701, 43986.19
19, 1740058624, 30193, 33449.28
20, 1840050176, 24412, 40399.00
21, 1939222528, 24212, 42232.48
22, 1980792832, 10149, 99225.22
23, 2037841920, 13928, 70176.14
24, 2122584064, 20689, 48195.96
25, 2200100864, 18925, 52898.11
26, 2276712448, 18704, 52800.19
27, 2340995072, 15694, 63861.13
28, 2405769216, 15814, 65249.25
29, 2445418496, 9680, 99517.08
30, 2509139968, 15557, 64845.45
31, 2563256320, 13212, 77735.84
32, 2604584960, 10090, 96713.36
33, 2670833664, 16174, 62656.62
34, 2714271744, 10605, 94664.41
35, 2764812288, 12339, 82631.18
36, 2802671616, 9243, 106590.82
37, 2847891456, 11040, 92092.99
38, 2894581760, 11399, 85047.46
39, 2953912320, 14485, 67012.58
40, 3009114112, 13477, 76482.62
41, 3039535104, 7427, 130312.83
42, 3085291520, 11171, 89494.64
43, 3148648448, 15468, 64816.94
44, 3209347072, 14819, 68526.67
45, 3265138688, 13621, 71826.54
46, 3323609088, 14275, 70325.35
47, 3427176448, 25285, 39329.02
48, 3497062400, 17062, 58562.66
49, 3580805120, 20445, 49096.50
50, 3655610368, 18263, 54548.91
51, 3754524672, 24149, 41624.86
52, 3846246400, 22393, 44652.34
53, 3953958912, 26297, 37613.93
54, 4053671936, 24344, 40849.05
55, 4183715840, 31749, 31720.47
56, 4318699520, 32955, 30178.66
57, 4453212160, 32840, 30275.02
58, 4619501568, 40598, 24782.78
59, 4831838208, 54529, 18602.02
60, 4831838208, 8903, 108834.16
61, 4831838208, 9225, 110246.70
62, 4831838208, 9184, 108569.67
63, 4831838208, 9224, 106477.04
64, 4831838208, 10632, 99369.44
65, 4831838208, 9632, 97584.01
66, 4831838208, 9144, 116807.05
67, 4831838208, 10024, 92780.47
68, 4831838208, 10160, 104224.70
69, 4831838208, 10104, 92832.99
70, 4831838208, 10360, 96286.32
71, 4831838208, 12200, 82593.87
72, 4831838208, 11584, 85643.51
73, 4831838208, 10920, 91182.44
74, 4831838208, 10296, 97350.32
75, 4831838208, 11224, 89257.04
76, 4831838208, 10696, 92628.58
77, 4831838208, 11568, 89345.64
78, 4831838208, 9896, 98311.07
79, 4831838208, 9563, 102993.35
80, 4831838208, 10117, 99843.19
81, 4831838208, 11633, 84876.38
82, 4831838208, 13127, 76494.05
83, 4831838208, 11144, 88922.56
84, 4831838208, 10592, 94815.46
85, 4831838208, 12264, 80836.51
86, 4831838208, 11716, 85161.69
87, 4831838208, 12285, 81247.69
88, 4831838208, 11935, 84492.85
89, 4831838208, 10696, 92421.20
90, 4831838208, 11864, 84094.11
91, 4831838208, 10864, 91965.39
92, 4831838208, 11336, 87973.43
93, 4831838208, 11424, 87569.56
94, 4831838208, 10320, 96473.98
95, 4831838208, 10296, 98176.42
96, 4831838208, 11036, 89338.65
97, 4831838208, 11316, 89074.02
98, 4831838208, 12808, 77053.19
99, 4831838208, 11146, 89673.66
100, 4831838208, 13118, 76351.83
101, 4831838208, 13017, 76434.43
102, 4831838208, 15743, 63926.13
103, 4831838208, 11856, 83559.34
104, 4831838208, 12944, 77301.15
105, 4831838208, 12368, 80230.75
106, 4831838208, 13560, 73633.86
107, 4831838208, 11597, 86043.35
108, 4831838208, 11207, 89055.83
109, 4831838208, 10236, 97610.49
110, 4831838208, 10848, 92991.04
111, 4831838208, 11704, 84296.98
112, 4831838208, 10968, 91124.39
113, 4831838208, 10912, 91369.88
114, 4831838208, 10698, 93334.26
115, 4831838208, 12049, 82797.41
116, 4831838208, 12768, 78194.04
117, 4831838208, 12074, 82662.03
118, 4831838208, 11819, 84403.13
119, 4831838208, 12144, 82382.84
120, 4831838208, 11569, 86087.37
121, 4831838208, 10775, 92650.76
122, 4831838208, 10688, 93953.66
123, 4831838208, 9984, 99403.06
124, 4831838208, 9683, 103167.41
125, 4831838208, 12261, 81381.89
126, 4831838208, 11200, 90233.73
127, 4831838208, 11208, 88684.49
128, 4831838208, 11976, 82839.63
129, 4831838208, 11848, 83866.39
130, 4831838208, 11561, 86344.31
131, 4831838208, 11395, 87632.09
132, 4831838208, 12380, 80531.63
133, 4831838208, 12256, 82177.95
134, 4831838208, 11672, 85008.46
135, 4831838208, 12620, 78833.72
136, 4831838208, 12740, 78445.20
137, 4831838208, 12608, 79108.89
138, 4831838208, 12544, 80429.45
139, 4831838208, 11560, 85546.52
140, 4831838208, 9816, 101808.12
141, 4831838208, 12656, 79237.64
142, 4831838208, 10400, 96051.65
143, 4831838208, 9928, 99543.55
144, 4831838208, 12976, 77084.10
145, 4831838208, 11784, 85504.56
146, 4831838208, 12184, 81067.64
147, 4831838208, 12895, 77268.38
148, 4831838208, 10491, 95204.80
149, 4831838208, 12774, 78193.86
150, 4831838208, 19848, 50159.41
151, 4831838208, 12224, 81698.36
152, 4831838208, 14088, 70734.53
153, 4831838208, 16416, 60752.03
154, 4831838208, 28944, 34406.01
155, 4831838208, 26248, 37870.89
156, 4831838208, 34555, 28801.36
