Elapsed_Time(s), Memory_Usage(Bytes), Access_Count, Avg_Latency(ns)
0, 18759680, 4581, 17341.55
1, 335835136, 77411, 12848.75
2, 664539136, 80250, 12395.03
3, 918982656, 62120, 16032.09
4, 1017597952, 24076, 44968.90
5, 1025245184, 1867, 513267.08
6, 1029742592, 1098, 1021157.39
7, 1031798784, 502, 1938556.74
8, 1100984320, 16891, 54022.05
9, 1190834176, 21936, 44499.86
10, 1289945088, 24197, 40074.01
11, 1383714816, 22893, 44111.78
12, 1476173824, 22573, 45588.32
13, 1570213888, 22959, 43293.72
14, 1664536576, 23028, 43927.56
15, 1753227264, 21653, 44223.70
16, 1861619712, 26463, 37339.64
17, 2000699392, 33955, 29677.03
18, 2095026176, 23029, 42939.72
19, 2206420992, 27196, 37056.86
20, 2307018752, 24560, 40274.52
21, 2422906880, 28293, 36246.76
22, 2466504704, 10644, 94141.65
23, 2516283392, 12153, 84252.94
24, 2596196352, 19510, 49144.70
25, 2679148544, 20252, 48797.33
26, 2765975552, 21198, 47090.16
27, 2839896064, 18047, 55099.47
28, 2901770240, 15106, 68463.97
29, 2970550272, 16792, 57319.84
30, 3048304640, 18983, 53758.57
31, 3135070208, 21183, 47750.63
32, 3177287680, 10307, 97688.27
33, 3247304704, 17094, 57616.57
34, 3293982720, 11396, 85161.78
35, 3348033536, 13196, 79397.66
36, 3405987840, 14149, 68880.24
37, 3459571712, 13082, 76459.02
38, 3525742592, 16155, 62914.94
39, 3612508160, 21183, 45112.51
40, 3683946496, 17441, 58663.77
41, 3766890496, 20250, 48612.02
42, 3848482816, 19920, 49643.86
43, 3905458176, 13910, 74171.44
44, 3990908928, 20862, 46349.48
45, 4075352064, 20616, 48364.59
46, 4136091648, 14829, 68054.99
47, 4249489408, 27685, 35863.56
48, 4343590912, 22974, 43362.51
49, 4465352704, 29727, 33477.29
50, 4578623488, 27654, 36432.45
51, 4700876800, 29847, 33522.53
52, 4808482816, 26271, 37620.71
53, 4831838208, 10527, 94691.97
54, 4831838208, 6024, 166090.58
55, 4831838208, 6248, 159611.44
56, 4831838208, 6536, 153865.20
57, 4831838208, 6136, 162222.39
58, 4831838208, 7800, 127482.49
59, 4831838208, 6080, 168257.73
60, 4831838208, 8344, 116591.69
61, 4831838208, 9096, 112385.70
62, 4831838208, 10552, 93385.00
63, 4831838208, 10360, 95203.81
64, 4831838208, 11088, 95065.14
65, 4831838208, 9112, 103434.46
66, 4831838208, 10736, 98906.30
67, 4831838208, 9627, 97298.03
68, 4831838208, 11629, 91091.91
69, 4831838208, 9880, 94812.46
70, 4831838208, 10936, 91173.92
71, 4831838208, 12032, 83722.10
72, 4831838208, 11552, 85664.62
73, 4831838208, 11928, 83990.32
74, 4831838208, 12360, 80429.59
75, 4831838208, 10928, 92002.35
76, 4831838208, 10936, 90700.79
77, 4831838208, 9144, 112986.76
78, 4831838208, 9384, 103861.66
79, 4831838208, 8984, 109862.46
80, 4831838208, 10768, 93337.75
81, 4831838208, 12248, 80780.80
82, 4831838208, 13464, 74044.14
83, 4831838208, 12160, 82046.10
84, 4831838208, 10744, 93173.42
85, 4831838208, 12416, 80119.21
86, 4831838208, 12760, 78224.11
87, 4831838208, 11024, 90672.95
88, 4831838208, 11832, 85291.84
89, 4831838208, 10672, 92405.34
90, 4831838208, 11499, 86740.63
91, 4831838208, 12367, 80804.71
92, 4831838208, 10782, 92411.35
93, 4831838208, 12184, 82029.91
94, 4831838208, 10733, 92785.56
95, 4831838208, 10459, 96515.41
96, 4831838208, 11304, 87179.44
97, 4831838208, 12304, 81940.15
98, 4831838208, 12256, 80536.52
99, 4831838208, 11202, 89134.42
100, 4831838208, 12726, 78687.26
101, 4831838208, 11616, 85974.18
102, 4831838208, 13256, 75701.68
103, 4831838208, 11808, 83966.96
104, 4831838208, 12352, 81046.06
105, 4831838208, 11992, 82764.95
106, 4831838208, 13480, 74030.07
107, 4831838208, 10016, 99691.02
108, 4831838208, 10880, 91911.19
109, 4831838208, 10936, 91185.97
110, 4831838208, 12224, 82562.22
111, 4831838208, 11322, 87127.82
112, 4831838208, 10270, 97203.13
113, 4831838208, 10888, 91668.22
114, 4831838208, 11082, 90104.20
115, 4831838208, 12387, 80519.15
116, 4831838208, 11915, 83781.71
117, 4831838208, 11583, 86191.16
118, 4831838208, 11009, 90642.81
119, 4831838208, 12611, 79179.30
120, 4831838208, 10493, 95093.52
121, 4831838208, 11136, 89638.39
122, 4831838208, 10120, 98723.66
123, 4831838208, 11149, 89483.80
124, 4831838208, 11219, 88978.75
125, 4831838208, 12696, 78545.80
126, 4831838208, 11864, 85178.14
127, 4831838208, 11520, 86470.03
128, 4831838208, 11768, 84126.33
129, 4831838208, 11400, 87381.82
130, 4831838208, 12496, 80182.82
131, 4831838208, 11584, 85798.86
132, 4831838208, 12728, 78502.76
133, 4831838208, 11440, 88018.85
134, 4831838208, 11171, 88528.20
135, 4831838208, 12341, 80990.98
136, 4831838208, 11480, 86867.60
137, 4831838208, 11584, 86127.09
138, 4831838208, 12968, 77931.34
139, 4831838208, 11032, 89613.53
140, 4831838208, 9456, 105628.89
141, 4831838208, 11464, 87422.46
142, 4831838208, 11288, 88364.95
143, 4831838208, 10248, 96670.68
144, 4831838208, 11760, 85183.82
145, 4831838208, 11560, 86816.69
146, 4831838208, 11750, 84166.25
147, 4831838208, 12549, 79518.10
148, 4831838208, 11189, 89271.41
149, 4831838208, 12742, 78372.96
150, 4831838208, 18878, 52754.15
151, 4831838208, 15081, 66169.41
152, 4831838208, 15980, 62401.22
153, 4831838208, 16561, 60209.29
154, 4831838208, 29190, 34076.15
