Elapsed_Time(s), Memory_Usage(Bytes), Access_Count, Avg_Latency(ns)
0, 19984384, 4880, 19535.07
1, 259792896, 58547, 17012.23
2, 500985856, 58885, 16917.27
3, 703344640, 49404, 20173.37
4, 829575168, 30818, 34412.28
5, 844832768, 3725, 269512.80
6, 849866752, 1229, 830460.84
7, 853544960, 898, 1094675.46
8, 893353984, 9719, 97387.35
9, 957837312, 15743, 64642.11
10, 1011884032, 13195, 72950.80
11, 1070407680, 14288, 71125.11
12, 1130864640, 14760, 69600.55
13, 1190944768, 14668, 67952.20
14, 1259372544, 16706, 57590.76
15, 1328783360, 16946, 58559.19
16, 1444405248, 28228, 35928.17
17, 1537130496, 22638, 43403.06
18, 1647157248, 26862, 37155.13
19, 1746132992, 24164, 41551.02
20, 1866440704, 29372, 34030.68
21, 1954791424, 21570, 47215.79
22, 2002079744, 11545, 85421.85
23, 2055467008, 13034, 76322.51
24, 2144382976, 21708, 46071.11
25, 2227798016, 20365, 48850.35
26, 2310512640, 20194, 49118.52
27, 2385375232, 18277, 54574.20
28, 2439360512, 13180, 78854.67
29, 2479587328, 9821, 97647.49
30, 2538938368, 14490, 70484.81
31, 2585165824, 11286, 88118.12
32, 2622922752, 9218, 113323.90
33, 2682478592, 14540, 66424.67
34, 2727809024, 11067, 88601.98
35, 2762928128, 8574, 121635.91
36, 2811392000, 11832, 82952.61
37, 2852974592, 10152, 97517.89
38, 2907492352, 13310, 76201.94
39, 2978533376, 17344, 55125.62
40, 3042205696, 15545, 66034.79
41, 3105767424, 15518, 62961.59
42, 3187417088, 19934, 49815.34
43, 3264757760, 18882, 54510.26
44, 3329531904, 15814, 62109.98
45, 3388514304, 14400, 68725.42
46, 3453652992, 15903, 62998.99
47, 3522031616, 16694, 59387.14
48, 3616055296, 22955, 43503.99
49, 3727261696, 27150, 36966.00
50, 3839668224, 27443, 36527.07
51, 3956760576, 28587, 34665.90
52, 4062425088, 25797, 39086.17
53, 4162424832, 24414, 40476.00
54, 4262215680, 24363, 40958.20
55, 4394737664, 32354, 30742.57
56, 4533010432, 33758, 29725.39
57, 4709748736, 43149, 23037.06
58, 4831838208, 32008, 31462.38
59, 4831838208, 6400, 158281.21
60, 4831838208, 8909, 109122.40
61, 4831838208, 8651, 117985.08
62, 4831838208, 8616, 115205.11
63, 4831838208, 9968, 98575.05
64, 4831838208, 11392, 92623.76
65, 4831838208, 10953, 85994.81
66, 4831838208, 12215, 87492.39
67, 4831838208, 9473, 97907.38
68, 4831838208, 10727, 98926.67
69, 4831838208, 9912, 94388.98
70, 4831838208, 11640, 85761.41
71, 4831838208, 11352, 88775.03
72, 4831838208, 11528, 85947.65
73, 4831838208, 12376, 80974.36
74, 4831838208, 10440, 95299.09
75, 4831838208, 10696, 93501.10
76, 4831838208, 10606, 93632.24
77, 4831838208, 8802, 117328.96
78, 4831838208, 8840, 110457.12
79, 4831838208, 10056, 98017.15
80, 4831838208, 10856, 93040.46
81, 4831838208, 11929, 82646.76
82, 4831838208, 10855, 92602.73
83, 4831838208, 10881, 90912.40
84, 4831838208, 11607, 86687.39
85, 4831838208, 10344, 95573.16
86, 4831838208, 13043, 76518.36
87, 4831838208, 13003, 76739.92
88, 4831838208, 12418, 80811.44
89, 4831838208, 10736, 92510.48
90, 4831838208, 11160, 89361.45
91, 4831838208, 11560, 86432.85
92, 4831838208, 10288, 96855.69
93, 4831838208, 10656, 93958.61
94, 4831838208, 10306, 96543.10
95, 4831838208, 9174, 110043.01
96, 4831838208, 12269, 80365.52
97, 4831838208, 10931, 91873.37
98, 4831838208, 11771, 84140.16
99, 4831838208, 12325, 80985.15
100, 4831838208, 11600, 86423.34
101, 4831838208, 12300, 80846.79
102, 4831838208, 11716, 86021.31
103, 4831838208, 13504, 73191.10
104, 4831838208, 12336, 81154.02
105, 4831838208, 12013, 82805.16
106, 4831838208, 12099, 82542.83
107, 4831838208, 11649, 85640.46
108, 4831838208, 12287, 81238.92
109, 4831838208, 10440, 95618.73
110, 4831838208, 9909, 100739.99
111, 4831838208, 11419, 87354.03
112, 4831838208, 10656, 93791.27
113, 4831838208, 9993, 99713.15
114, 4831838208, 10748, 92912.25
115, 4831838208, 10431, 95719.58
116, 4831838208, 11607, 86024.19
117, 4831838208, 12181, 81823.29
118, 4831838208, 11992, 83310.48
119, 4831838208, 11635, 85857.04
120, 4831838208, 9445, 106262.03
121, 4831838208, 11752, 84347.79
122, 4831838208, 10536, 95043.31
123, 4831838208, 9918, 100449.67
124, 4831838208, 11915, 83716.44
125, 4831838208, 12124, 82254.97
126, 4831838208, 12243, 82839.24
127, 4831838208, 11224, 88389.92
128, 4831838208, 11600, 85697.17
129, 4831838208, 11496, 86303.93
130, 4831838208, 12128, 82280.61
131, 4831838208, 13744, 72691.58
132, 4831838208, 11796, 84605.30
133, 4831838208, 13476, 74540.00
134, 4831838208, 12280, 80681.72
135, 4831838208, 12890, 77570.37
136, 4831838208, 13342, 74722.18
137, 4831838208, 12168, 81992.51
138, 4831838208, 12552, 80119.92
139, 4831838208, 10976, 90640.63
140, 4831838208, 10856, 91866.27
141, 4831838208, 11112, 89395.38
142, 4831838208, 10424, 96719.30
143, 4831838208, 10809, 91534.87
144, 4831838208, 11615, 86205.83
145, 4831838208, 12184, 82400.96
146, 4831838208, 12256, 80691.91
147, 4831838208, 12560, 79417.86
148, 4831838208, 11384, 88873.43
149, 4831838208, 12232, 80678.16
150, 4831838208, 18101, 54880.27
151, 4831838208, 13052, 76527.72
152, 4831838208, 15616, 63785.32
153, 4831838208, 16367, 60907.12
154, 4831838208, 29048, 34246.82
155, 4831838208, 26397, 37732.61
156, 4831838208, 34595, 28739.24
