Elapsed_Time(s), Memory_Usage(Bytes), Access_Count, Avg_Latency(ns)
0, 91394048, 22314, 9881.88
1, 393310208, 73710, 13500.03
2, 700411904, 74976, 13270.29
3, 959692800, 63301, 15731.69
4, 1054543872, 23157, 47030.04
5, 1062629376, 1974, 527460.26
6, 1068150784, 1348, 768912.41
7, 1075572736, 1812, 461128.07
8, 1124577280, 11964, 84243.70
9, 1197473792, 17797, 57238.53
10, 1274834944, 18887, 51137.24
11, 1347891200, 17836, 57014.24
12, 1423491072, 18457, 55573.73
13, 1502359552, 19255, 51559.38
14, 1566347264, 15622, 61771.46
15, 1637408768, 17349, 57244.31
16, 1744293888, 26095, 38244.48
17, 1830465536, 21038, 47462.50
18, 1934639104, 25433, 39249.78
19, 2038845440, 25441, 39714.40
20, 2131918848, 22723, 43968.30
21, 2260766720, 31457, 32172.36
22, 2296238080, 8660, 116340.82
23, 2345041920, 11915, 80924.27
24, 2405302272, 14712, 69041.33
25, 2486611968, 19851, 49463.43
26, 2561134592, 18194, 54891.28
27, 2634772480, 17978, 55748.12
28, 2708934656, 18106, 57147.05
29, 2770612224, 15058, 63714.64
30, 2848518144, 19020, 53737.43
31, 2917167104, 16760, 60404.13
32, 2949611520, 7921, 130322.53
33, 3005222912, 13577, 71423.71
34, 3054882816, 12124, 79079.44
35, 3095662592, 9956, 103021.48
36, 3151671296, 13674, 74216.06
37, 3201867776, 12255, 82758.09
38, 3249881088, 11722, 85369.74
39, 3294932992, 10999, 85525.43
40, 3365109760, 17133, 60175.85
41, 3418640384, 13069, 74770.78
42, 3489255424, 17240, 57381.53
43, 3560980480, 17511, 57177.12
44, 3629969408, 16843, 59285.77
45, 3681288192, 12529, 79493.71
46, 3727638528, 11316, 89465.64
47, 3805446144, 18996, 52052.46
48, 3883712512, 19108, 52213.56
49, 3984265216, 24549, 40574.48
50, 4083654656, 24265, 41485.91
51, 4185399296, 24840, 39976.30
52, 4292395008, 26122, 38393.38
53, 4431126528, 33870, 29205.85
54, 4536332288, 25685, 38997.45
55, 4647473152, 27134, 36834.50
56, 4788523008, 34436, 29043.78
57, 4831838208, 15192, 65371.84
58, 4831838208, 5344, 187426.91
59, 4831838208, 8872, 115337.72
60, 4831838208, 7787, 124352.57
61, 4831838208, 9773, 104435.98
62, 4831838208, 9200, 108390.47
63, 4831838208, 10640, 91830.79
64, 4831838208, 11456, 92050.46
65, 4831838208, 10465, 90012.06
66, 4831838208, 9743, 109140.97
67, 4831838208, 8912, 104736.46
68, 4831838208, 10024, 105384.02
69, 4831838208, 11112, 84516.93
70, 4831838208, 9640, 103560.50
71, 4831838208, 13424, 74999.75
72, 4831838208, 11560, 85680.96
73, 4831838208, 12232, 81920.01
74, 4831838208, 10480, 94950.29
75, 4831838208, 11296, 88661.06
76, 4831838208, 11320, 87775.63
77, 4831838208, 10200, 101278.78
78, 4831838208, 10592, 91927.48
79, 4831838208, 9205, 107211.67
80, 4831838208, 10315, 97941.31
81, 4831838208, 11760, 83898.18
82, 4831838208, 11680, 85999.19
83, 4831838208, 11886, 83218.14
84, 4831838208, 11650, 86401.79
85, 4831838208, 12152, 81366.23
86, 4831838208, 12171, 81984.08
87, 4831838208, 11019, 90635.11
88, 4831838208, 11242, 89587.87
89, 4831838208, 10208, 96893.31
90, 4831838208, 10624, 93964.13
91, 4831838208, 11240, 88876.15
92, 4831838208, 11704, 85178.55
93, 4831838208, 11336, 88207.42
94, 4831838208, 10736, 92741.79
95, 4831838208, 9424, 107046.65
96, 4831838208, 12311, 80197.25
97, 4831838208, 12361, 81520.97
98, 4831838208, 11122, 88857.63
99, 4831838208, 12281, 81334.91
100, 4831838208, 12085, 82591.97
101, 4831838208, 11456, 87349.25
102, 4831838208, 11416, 88138.89
103, 4831838208, 12000, 82470.99
104, 4831838208, 12192, 82157.80
105, 4831838208, 13039, 76147.71
106, 4831838208, 12704, 78591.09
107, 4831838208, 11817, 84473.59
108, 4831838208, 11824, 84498.61
109, 4831838208, 11128, 89618.70
110, 4831838208, 10656, 94553.07
111, 4831838208, 10712, 92359.94
112, 4831838208, 11344, 88101.33
113, 4831838208, 10001, 99510.86
114, 4831838208, 10461, 95424.35
115, 4831838208, 13192, 75685.12
116, 4831838208, 12394, 80497.65
117, 4831838208, 12436, 80213.24
118, 4831838208, 12052, 82889.68
119, 4831838208, 10728, 93075.88
120, 4831838208, 9555, 104465.65
121, 4831838208, 10653, 93582.90
122, 4831838208, 10448, 95660.13
123, 4831838208, 10208, 97671.36
124, 4831838208, 11048, 90550.47
125, 4831838208, 12736, 78142.29
126, 4831838208, 11504, 87812.89
127, 4831838208, 12448, 80016.78
128, 4831838208, 13136, 75195.11
129, 4831838208, 12208, 81762.94
130, 4831838208, 12448, 80387.79
131, 4831838208, 11670, 85282.21
132, 4831838208, 10727, 93145.48
133, 4831838208, 11787, 85280.59
134, 4831838208, 11408, 87075.61
135, 4831838208, 13616, 73078.12
136, 4831838208, 13154, 75959.73
137, 4831838208, 11534, 86577.16
138, 4831838208, 11648, 86624.26
139, 4831838208, 10864, 90835.57
140, 4831838208, 9432, 105717.11
141, 4831838208, 10738, 92871.54
142, 4831838208, 10894, 92461.13
143, 4831838208, 10000, 98891.58
144, 4831838208, 11408, 87636.67
145, 4831838208, 12432, 80858.30
146, 4831838208, 10934, 90638.36
147, 4831838208, 12706, 79370.98
148, 4831838208, 11395, 86610.55
149, 4831838208, 11061, 90350.06
150, 4831838208, 18350, 54268.99
151, 4831838208, 14330, 69677.21
152, 4831838208, 17120, 58175.33
153, 4831838208, 16024, 62242.07
154, 4831838208, 27688, 35957.24
155, 4831838208, 27483, 36133.34
