Elapsed_Time(s), Memory_Usage(Bytes), Access_Count, Avg_Latency(ns)
0, 272764928, 66594, 3974.26
1, 1255632896, 239958, 4099.48
2, 2341912576, 265205, 3703.29
3, 3344289792, 244721, 4018.51
4, 4157116416, 198444, 4971.68
5, 4830339072, 164361, 6020.99
6, 5015752704, 45267, 22033.01
7, 5315026944, 73065, 13612.57
8, 5622427648, 75049, 13256.97
9, 5881421824, 63231, 15806.56
10, 6159343616, 67852, 14615.20
11, 6354563072, 47661, 20922.79
12, 6553141248, 48481, 20557.62
13, 6816862208, 64385, 15456.85
14, 7101194240, 69417, 14340.71
15, 7397568512, 72357, 13756.25
16, 7695831040, 72818, 13665.14
17, 7975735296, 68336, 14557.29
18, 8295198720, 77994, 12753.60
19, 8621637632, 79697, 12488.80
20, 8950874112, 80380, 12362.64
21, 9293701120, 83698, 11878.15
22, 9542799360, 60815, 16375.26
23, 9759023104, 52789, 18901.72
24, 10042306560, 69161, 14370.53
25, 10357407744, 76929, 12931.15
26, 10670018560, 76321, 13034.63
27, 11000659968, 80723, 12320.13
28, 11259015168, 63075, 15804.12
29, 11521150976, 63998, 15545.29
30, 11823181824, 73738, 13498.32
31, 12118048768, 71989, 13816.59
32, 12410343424, 71361, 13950.01
33, 12711821312, 73603, 13512.90
34, 12996096000, 69403, 14351.83
35, 13287297024, 71094, 13994.43
36, 13593092096, 74657, 13321.32
37, 13920628736, 79965, 12438.05
38, 14250160128, 80452, 12366.84
39, 14575529984, 79436, 12520.26
40, 14887497728, 76164, 13063.85
41, 15065522176, 43463, 22937.70
42, 15193894912, 31341, 31873.40
43, 15358828544, 40267, 24752.58
44, 15531106304, 42060, 23704.52
45, 15713873920, 44621, 22356.48
46, 15834742784, 29509, 33775.63
47, 15974178816, 34042, 29315.98
48, 16105213952, 31991, 31164.14
49, 16233168896, 31239, 31961.19
50, 16346746880, 27729, 35998.27
51, 16447381504, 24569, 40583.63
52, 16547319808, 24399, 40944.85
53, 16659419136, 27368, 36436.85
54, 16764944384, 25763, 38792.59
55, 16887611392, 29948, 33287.25
56, 16995196928, 26266, 38091.89
57, 17086644224, 22326, 44661.95
58, 17177944064, 22290, 44725.73
59, 17270829056, 22677, 44037.42
60, 17357709312, 21211, 47096.10
61, 17444356096, 21154, 47209.72
62, 17546596352, 24961, 39951.23
63, 17649344512, 25085, 39903.42
64, 17750720512, 24750, 40235.80
65, 17871495168, 29486, 33892.17
66, 17986351104, 28041, 35543.55
67, 18108755968, 29884, 33499.78
68, 18207440896, 24093, 41298.24
69, 18318348288, 27077, 36911.88
70, 18433089536, 28013, 35606.88
71, 18561048576, 31240, 31945.03
72, 18704080896, 34920, 28551.70
73, 18838384640, 32789, 30455.16
74, 18988695552, 36697, 27176.52
75, 19115749376, 31019, 32105.97
76, 19231916032, 28361, 35263.35
77, 19327352832, 24021, 41485.14
78, 19327352832, 7288, 137237.74
79, 19327352832, 9540, 104572.18
80, 19327352832, 10388, 96203.04
81, 19327352832, 11440, 87258.10
82, 19327352832, 11128, 89764.32
83, 19327352832, 12288, 81298.50
84, 19327352832, 12172, 82073.63
85, 19327352832, 11668, 85602.71
86, 19327352832, 10616, 93985.15
87, 19327352832, 10312, 97050.11
88, 19327352832, 11501, 86725.49
89, 19327352832, 12472, 80009.93
90, 19327352832, 11643, 85920.31
91, 19327352832, 10829, 92099.03
92, 19327352832, 9907, 100972.67
93, 19327352832, 11768, 84774.71
94, 19327352832, 17152, 58169.68
95, 19327352832, 13192, 75644.02
96, 19327352832, 13032, 76776.20
97, 19327352832, 11144, 89457.56
98, 19327352832, 11708, 85280.29
99, 19327352832, 17589, 56726.06
100, 19327352832, 18511, 53958.51
101, 19327352832, 24064, 41406.14
102, 19327352832, 26982, 36949.31
103, 19327352832, 24138, 41364.82
104, 19327352832, 32912, 30256.48
105, 19327352832, 35776, 27845.10
106, 19327352832, 30544, 32605.54
107, 19327352832, 25484, 39118.58
108, 19327352832, 26556, 37621.33
109, 19327352832, 25796, 38563.64
110, 19327352832, 29292, 34028.16
111, 19327352832, 26744, 37295.22
112, 19327352832, 27680, 35997.40
113, 19327352832, 25160, 39611.03
114, 19327352832, 27048, 36879.51
115, 19327352832, 26224, 38015.59
116, 19327352832, 23856, 41771.82
117, 19327352832, 20608, 48402.14
118, 19327352832, 19472, 51241.99
119, 19327352832, 21280, 46850.11
120, 19327352832, 22624, 44085.91
121, 19327352832, 24256, 41107.27
122, 19327352832, 26128, 38174.94
123, 19327352832, 25832, 38594.50
124, 19327352832, 25552, 39024.01
125, 19327352832, 28160, 35374.37
126, 19327352832, 31184, 31962.08
127, 19327352832, 31794, 31359.40
128, 19327352832, 21506, 46339.63
129, 19327352832, 22248, 44823.72
130, 19327352832, 24192, 41258.45
131, 19327352832, 27725, 35898.92
132, 19327352832, 20311, 49161.19
133, 19327352832, 18014, 55378.86
134, 19327352832, 70139, 13984.59
135, 19327352832, 32870, 30229.39
136, 19327352832, 26539, 37504.44
137, 19327352832, 23324, 42663.42
138, 19327352832, 27626, 36074.69
139, 19327352832, 29316, 33991.35
140, 19327352832, 29778, 33466.10
141, 19327352832, 23269, 42732.96
142, 19327352832, 27852, 35651.98
143, 19327352832, 27218, 36504.50
144, 19327352832, 28277, 35150.96
145, 19327352832, 28092, 35323.09
146, 19327352832, 31714, 31313.11
147, 19327352832, 26048, 38151.58
148, 19327352832, 25528, 39047.60
149, 19327352832, 28828, 34545.79
150, 19327352832, 29740, 33520.84
151, 19327352832, 25014, 39851.83
152, 19327352832, 21377, 46541.07
153, 19327352832, 23120, 43009.44
154, 19327352832, 21261, 46878.09
155, 19327352832, 21881, 45354.91
156, 19327352832, 19287, 51629.84
157, 19327352832, 20119, 49417.50
158, 19327352832, 19905, 50086.45
159, 19327352832, 17856, 55633.54
160, 19327352832, 19296, 51668.60
161, 19327352832, 15548, 64184.08
162, 19327352832, 18820, 52992.12
163, 19327352832, 18196, 54732.77
164, 19327352832, 19124, 52199.84
165, 19327352832, 22917, 43491.40
166, 19327352832, 23445, 42421.32
167, 19327352832, 21475, 46331.98
168, 19327352832, 19370, 51458.60
169, 19327352832, 23321, 42701.55
170, 19327352832, 22848, 43675.91
171, 19327352832, 20944, 47601.14
172, 19327352832, 21520, 46340.49
173, 19327352832, 19945, 50021.28
174, 19327352832, 18487, 54011.15
175, 19327352832, 21824, 45699.35
176, 19327352832, 2636, 379016.76
177, 19327352832, 19596, 50832.72
178, 19327352832, 16440, 60697.62
179, 19327352832, 16736, 59527.48
180, 19327352832, 15952, 62482.78
181, 19327352832, 17776, 55970.02
182, 19327352832, 18528, 53788.27
183, 19327352832, 17156, 58147.42
184, 19327352832, 19564, 50766.63
185, 19327352832, 23247, 42911.23
186, 19327352832, 25518, 38915.10
187, 19327352832, 25754, 38688.75
188, 19327352832, 27269, 36553.47
189, 19327352832, 34897, 28538.33
190, 19327352832, 26765, 37242.06
191, 19327352832, 1030785, 855.85
192, 19327352832, 193749, 5015.29
193, 19327352832, 39206, 25355.64
194, 19327352832, 45282, 21954.42
195, 19327352832, 46864, 21222.82
196, 19327352832, 33941, 29328.09
197, 19327352832, 26067, 38213.42
198, 19327352832, 26688, 37327.90
199, 19327352832, 23912, 41649.58
200, 19327352832, 24300, 40968.55
201, 19327352832, 21564, 46274.40
202, 19327352832, 38063, 26114.26
203, 19327352832, 45804, 21675.36
204, 19327352832, 44816, 22212.53
205, 19327352832, 42967, 23089.41
206, 19327352832, 34009, 29250.70
207, 19327352832, 27346, 36470.45
208, 19327352832, 20283, 49051.20
209, 19327352832, 22540, 44195.63
210, 19327352832, 24812, 40162.29
211, 19327352832, 24808, 40160.89
212, 19327352832, 25856, 38540.41
213, 19327352832, 26560, 37461.85
214, 19327352832, 28336, 35124.12
215, 19327352832, 26960, 36931.17
216, 19327352832, 25080, 39705.81
217, 19327352832, 21449, 46507.16
218, 19327352832, 22799, 43693.05
219, 19327352832, 23160, 42974.92
220, 19327352832, 25472, 39066.73
221, 19327352832, 26456, 37647.64
222, 19327352832, 24920, 39952.14
223, 19327352832, 24334, 40928.89
224, 19327352832, 63444, 15629.34
