Elapsed_Time(s), Memory_Usage(Bytes), Access_Count, Avg_Latency(ns)
0, 246398976, 60157, 3972.93
1, 1308008448, 259182, 3794.27
2, 2743906304, 350561, 2796.63
3, 4120887296, 336177, 2916.52
4, 5464240128, 327967, 2992.75
5, 6063075328, 146200, 6782.92
6, 6294237184, 56436, 17655.37
7, 6436024320, 34616, 28848.31
8, 6553878528, 28773, 34682.27
9, 6825299968, 66265, 15012.01
10, 7142563840, 77457, 12842.55
11, 7316979712, 42582, 23429.16
12, 7458869248, 34641, 29128.92
13, 7630577664, 41921, 23501.92
14, 7833141248, 49454, 20142.39
15, 8008871936, 42903, 23282.94
16, 8150343680, 34539, 28864.93
17, 8256389120, 25890, 38547.27
18, 8394125312, 33627, 29648.54
19, 8530505728, 33296, 30022.32
20, 8650039296, 29183, 34159.57
21, 8755634176, 25780, 38698.59
22, 8852692992, 23696, 42129.07
23, 9019310080, 40678, 24527.35
24, 9151090688, 32173, 31070.09
25, 9281368064, 31806, 31368.33
26, 9417920512, 33338, 29892.23
27, 9543127040, 30568, 32620.11
28, 9732444160, 46220, 21568.94
29, 9898856448, 40628, 24545.44
30, 10030632960, 32172, 31022.15
31, 10146230272, 28222, 35391.21
32, 10259902464, 27752, 35950.43
33, 10375180288, 28144, 35467.88
34, 10486439936, 27163, 36746.83
35, 10596311040, 26824, 37243.71
36, 10700808192, 25512, 39071.94
37, 10804506624, 25317, 39442.28
38, 10904723456, 24467, 40785.67
39, 11020300288, 28217, 35385.28
40, 11132698624, 27441, 36376.50
41, 11308826624, 43000, 23171.60
42, 11513442304, 49955, 19959.77
43, 11636883456, 30137, 33091.85
44, 11729448960, 22599, 44205.04
45, 11858739200, 31565, 31609.00
46, 11999330304, 34324, 29049.69
47, 12157087744, 38515, 25898.42
48, 12292591616, 33082, 30149.98
49, 12409466880, 28534, 34978.36
50, 12521017344, 27234, 36634.94
51, 12606181376, 20792, 48159.93
52, 12686708736, 19660, 50714.44
53, 12769484800, 20209, 49387.97
54, 12856897536, 21341, 46925.29
55, 12943904768, 21242, 47013.69
56, 13052018688, 26395, 37669.67
57, 13132939264, 19756, 50717.29
58, 13230542848, 23829, 41753.39
59, 13340336128, 26805, 37244.16
60, 13450772480, 26962, 37009.74
61, 13558865920, 26390, 37854.53
62, 13663567872, 25562, 39018.04
63, 13784080384, 29422, 33932.79
64, 13898555392, 27948, 35741.17
65, 14010859520, 27418, 36401.13
66, 14119280640, 26470, 37706.88
67, 14224605184, 25714, 38771.49
68, 14321201152, 23583, 42344.45
69, 14424408064, 25197, 39718.51
70, 14529351680, 25621, 38878.58
71, 14645100544, 28259, 35338.80
72, 14767718400, 29936, 33320.63
73, 14892204032, 30392, 32884.55
74, 15021985792, 31685, 31409.32
75, 15238246400, 52798, 18870.48
76, 15468019712, 56097, 17731.27
77, 15688966144, 53942, 18479.35
78, 15886196736, 48152, 20729.21
79, 16048558080, 39639, 25105.95
80, 16216924160, 41105, 24276.16
81, 16382992384, 40544, 24583.61
82, 16567156736, 44962, 22170.12
83, 16741154816, 42480, 23498.31
84, 16897605632, 38196, 26088.98
85, 17056784384, 38862, 25671.29
86, 17271930880, 52526, 18956.47
87, 17503604736, 56561, 17626.77
88, 17781547008, 67857, 14657.43
89, 18035490816, 61998, 16058.31
90, 18289111040, 61919, 16081.13
91, 18548797440, 63400, 15705.13
92, 18904551424, 86854, 11445.95
93, 19209641984, 74485, 13376.86
94, 19327352832, 55404, 17899.01
95, 19327352832, 223619, 4258.39
96, 19327352832, 14976, 66707.75
97, 19327352832, 12008, 83063.49
98, 19327352832, 15249, 65380.31
99, 19327352832, 18206, 54804.68
100, 19327352832, 24066, 41410.57
101, 19327352832, 28119, 35370.95
102, 19327352832, 27327, 36442.13
103, 19327352832, 23686, 42052.90
104, 19327352832, 745990, 1236.43
105, 19327352832, 31740, 31348.74
106, 19327352832, 25320, 39336.99
107, 19327352832, 25796, 38601.87
108, 19327352832, 22067, 45172.61
109, 19327352832, 22831, 43618.87
110, 19327352832, 25111, 39660.45
111, 19327352832, 22682, 43962.94
112, 19327352832, 24483, 40696.32
113, 19327352832, 20007, 49732.58
114, 19327352832, 19069, 52232.70
115, 19327352832, 18604, 53527.66
116, 19327352832, 19806, 50217.61
117, 19327352832, 17432, 57139.95
118, 19327352832, 16404, 60767.76
119, 19327352832, 80441, 12312.95
120, 19327352832, 25806, 38568.89
121, 19327352832, 170610, 5776.54
122, 19327352832, 56208, 17744.46
123, 19327352832, 18592, 53482.95
124, 19327352832, 19624, 50812.30
125, 19327352832, 17992, 55358.23
126, 19327352832, 18312, 54564.12
127, 19327352832, 19400, 51340.56
128, 19327352832, 20464, 48641.01
129, 19327352832, 15560, 64066.17
130, 19327352832, 15768, 63289.39
131, 19327352832, 17968, 55373.18
132, 19327352832, 17728, 56294.22
133, 19327352832, 19125, 51987.51
134, 19327352832, 19339, 51540.66
135, 19327352832, 18656, 53431.58
136, 19327352832, 18904, 52667.90
137, 19327352832, 18808, 52919.22
138, 19327352832, 18512, 53791.51
139, 19327352832, 18240, 54593.08
140, 19327352832, 17856, 55823.08
141, 19327352832, 18264, 54487.46
142, 19327352832, 20072, 49575.09
143, 19327352832, 25320, 39231.91
144, 19327352832, 25392, 39153.73
145, 19327352832, 25528, 38910.88
146, 19327352832, 20651, 48138.90
147, 19327352832, 17973, 55418.53
148, 19327352832, 17316, 57484.58
149, 19327352832, 16440, 60674.29
150, 19327352832, 16482, 60428.99
151, 19327352832, 15858, 62945.46
152, 19327352832, 17288, 57615.96
153, 19327352832, 20488, 48564.04
154, 19327352832, 22360, 44461.85
155, 19327352832, 22872, 43477.93
156, 19327352832, 18952, 52544.55
157, 19327352832, 18792, 52931.75
158, 19327352832, 19872, 50083.22
159, 19327352832, 23968, 41484.04
160, 19327352832, 25230, 39378.91
161, 19327352832, 24554, 40543.10
162, 19327352832, 25160, 39511.79
163, 19327352832, 20944, 47516.94
164, 19327352832, 15824, 63025.66
165, 19327352832, 15900, 62678.64
166, 19327352832, 18572, 53678.49
167, 19327352832, 16072, 61964.16
168, 19327352832, 13651, 73119.34
169, 19327352832, 13509, 73735.48
170, 19327352832, 13816, 72129.27
171, 19327352832, 15892, 62809.12
172, 19327352832, 18504, 53726.99
173, 19327352832, 22240, 44742.63
174, 19327352832, 24012, 41451.17
175, 19327352832, 25632, 38791.95
176, 19327352832, 21104, 47153.05
177, 19327352832, 16696, 59692.55
178, 19327352832, 18312, 54302.00
179, 19327352832, 17080, 58324.76
180, 19327352832, 16504, 60274.58
181, 19327352832, 16176, 61556.27
182, 19327352832, 8040, 124304.61
183, 19327352832, 8728, 114220.00
184, 19327352832, 15128, 65862.14
185, 19327352832, 16756, 59484.02
186, 19327352832, 14732, 67597.22
187, 19327352832, 14992, 66527.64
188, 19327352832, 14645, 68046.47
189, 19327352832, 12939, 77109.28
190, 19327352832, 13600, 73452.26
191, 19327352832, 20968, 47441.99
192, 19327352832, 46848, 21201.39
193, 19327352832, 44568, 22300.10
194, 19327352832, 48725, 20325.79
195, 19327352832, 49923, 19838.29
196, 19327352832, 29248, 34037.79
197, 19327352832, 20996, 47456.82
198, 19327352832, 22748, 43840.07
199, 19327352832, 20782, 47863.76
200, 19327352832, 19754, 50439.96
201, 19327352832, 21792, 45725.21
202, 19327352832, 24240, 41105.85
203, 19327352832, 23546, 42321.51
204, 19327352832, 22470, 44286.72
205, 19327352832, 22184, 44860.91
206, 19327352832, 22440, 44366.38
207, 19327352832, 24880, 40013.73
208, 19327352832, 23136, 43014.38
209, 19327352832, 27288, 36483.63
210, 19327352832, 23034, 43351.35
211, 19327352832, 21190, 46982.20
212, 19327352832, 20064, 49700.34
213, 19327352832, 17489, 56975.88
214, 19327352832, 33850, 29396.88
215, 19327352832, 21781, 45832.88
216, 19327352832, 21545, 46182.12
217, 19327352832, 23323, 42753.12
218, 19327352832, 23870, 41737.34
219, 19327352832, 20070, 49623.77
220, 19327352832, 18824, 53053.87
221, 19327352832, 18043, 55161.45
222, 19327352832, 17605, 56642.29
223, 19327352832, 18928, 52642.26
224, 19327352832, 30560, 32586.24
225, 19327352832, 46256, 21498.53
226, 19327352832, 46425, 21396.32
227, 19327352832, 41255, 24074.70
228, 19327352832, 45200, 21977.28
229, 19327352832, 46624, 21337.48
230, 19327352832, 49301, 20165.34
231, 19327352832, 44411, 22401.92
232, 19327352832, 43016, 23099.89
233, 19327352832, 41767, 23672.58
234, 19327352832, 40017, 24721.23
235, 19327352832, 40208, 24607.24
236, 19327352832, 42320, 23494.67
237, 19327352832, 43440, 22886.21
238, 19327352832, 43272, 22870.15
239, 19327352832, 41720, 23711.20
240, 19327352832, 41128, 24062.06
241, 19327352832, 27576, 36009.80
242, 19327352832, 19344, 51449.73
243, 19327352832, 14712, 67807.31
244, 19327352832, 22720, 43730.69
