Elapsed_Time(s), Memory_Usage(Bytes), Access_Count, Avg_Latency(ns)
0, 237961216, 58097, 4165.41
1, 1229651968, 242112, 4003.74
2, 2316509184, 265346, 3702.00
3, 3300728832, 240288, 4095.08
4, 4004241408, 171756, 5755.57
5, 4604895232, 146644, 6755.99
6, 4772593664, 40942, 24358.14
7, 5054177280, 68746, 14436.74
8, 5347393536, 71586, 13895.67
9, 5610496000, 64234, 15495.30
10, 5880012800, 65800, 15126.35
11, 6072860672, 47082, 21171.85
12, 6303129600, 56218, 17742.30
13, 6589517824, 69919, 14216.31
14, 6899548160, 75691, 13147.70
15, 7190564864, 71049, 14009.51
16, 7493242880, 73896, 13450.55
17, 7787065344, 71734, 13870.16
18, 8015183872, 55693, 17891.71
19, 8230252544, 52507, 19031.30
20, 8436895744, 50450, 19694.86
21, 8678731776, 59042, 16870.90
22, 8902426624, 54613, 18243.29
23, 9122361344, 53695, 18560.41
24, 9340481536, 53252, 18719.92
25, 9570230272, 56091, 17749.56
26, 9789194240, 53458, 18640.09
27, 10041528320, 61605, 16164.51
28, 10235482112, 47352, 21057.99
29, 10457698304, 54252, 18365.91
30, 10590633984, 32455, 30746.56
31, 10734243840, 35061, 28473.58
32, 10870132736, 33176, 30056.43
33, 10998775808, 31407, 31746.13
34, 11120353280, 29682, 33620.91
35, 11244363776, 30276, 33051.21
36, 11366715392, 29871, 33386.14
37, 11495550976, 31454, 31658.45
38, 11618574336, 30035, 33237.91
39, 11744346112, 30706, 32483.90
40, 11873710080, 31583, 31624.04
41, 11986829312, 27617, 36152.07
42, 12109856768, 30036, 33242.74
43, 12220256256, 26953, 36944.62
44, 12332969984, 27518, 36401.70
45, 12454535168, 29679, 33529.98
46, 12593561600, 33942, 29348.33
47, 12739461120, 35620, 28018.62
48, 12873097216, 32626, 30570.38
49, 13002432512, 31576, 31586.51
50, 13119430656, 28564, 34966.03
51, 13234675712, 28136, 35432.76
52, 13355057152, 29390, 33994.57
53, 13471309824, 28382, 35121.53
54, 13577793536, 25997, 38400.29
55, 13705900032, 31276, 31935.95
56, 13831254016, 30604, 32563.32
57, 13955821568, 30412, 32827.86
58, 14068027392, 27394, 36446.17
59, 14189899776, 29754, 33531.21
60, 14316617728, 30937, 32262.52
61, 14435778560, 29092, 34295.03
62, 14562091008, 30838, 32343.39
63, 14692679680, 31882, 31273.48
64, 14824878080, 32275, 30915.95
65, 14946156544, 29609, 33728.97
66, 15057186816, 27107, 36837.81
67, 15166287872, 26636, 37435.75
68, 15268024320, 24838, 40203.50
69, 15378718720, 27025, 36969.94
70, 15490363392, 27257, 36597.53
71, 15620284416, 31719, 31454.21
72, 15762096128, 34622, 28829.58
73, 15902560256, 34293, 29080.81
74, 16048222208, 35562, 28052.02
75, 16173383680, 30557, 32613.02
76, 16308465664, 32979, 30236.06
77, 16439300096, 31942, 31199.52
78, 16558952448, 29212, 34085.79
79, 16715071488, 38115, 26152.14
80, 16873299968, 38630, 25813.87
81, 17046401024, 42261, 23594.80
82, 17240137728, 47299, 21036.95
83, 17466155008, 55180, 18063.06
84, 17708670976, 59208, 16823.76
85, 17944244224, 57513, 17286.22
86, 18203258880, 63236, 15737.86
87, 18460004352, 62682, 15890.01
88, 18707894272, 60520, 16452.50
89, 18966781952, 63205, 15752.69
90, 19245400064, 68022, 14631.23
91, 19327352832, 24649, 40509.00
92, 19327352832, 16981, 58738.97
93, 19327352832, 12355, 80854.20
94, 19327352832, 14656, 68136.50
95, 19327352832, 12136, 82244.43
96, 19327352832, 11632, 85871.32
97, 19327352832, 11624, 85890.71
98, 19327352832, 13776, 72458.73
99, 19327352832, 11216, 89084.03
100, 19327352832, 10176, 98159.45
101, 19327352832, 13728, 72688.04
102, 19327352832, 14336, 69654.13
103, 19327352832, 15464, 64536.81
104, 19327352832, 12344, 80964.56
105, 19327352832, 16454, 60600.40
106, 19327352832, 17914, 55715.53
107, 19327352832, 20048, 49762.37
108, 19327352832, 19187, 52043.58
109, 19327352832, 18473, 53996.57
110, 19327352832, 20404, 48916.48
111, 19327352832, 20000, 49851.90
112, 19327352832, 19200, 51983.16
113, 19327352832, 20344, 49048.35
114, 19327352832, 19496, 51224.73
115, 19327352832, 20632, 48318.77
116, 19327352832, 21272, 46860.03
117, 19327352832, 21504, 46442.66
118, 19327352832, 20616, 48324.23
119, 19327352832, 20328, 49073.48
120, 19327352832, 21192, 47099.54
121, 19327352832, 22352, 44595.34
122, 19327352832, 22952, 43471.00
123, 19327352832, 22880, 43578.77
124, 19327352832, 23000, 43365.69
125, 19327352832, 23040, 43293.82
126, 19327352832, 22944, 43469.87
127, 19327352832, 23504, 42472.68
128, 19327352832, 17728, 56237.31
129, 19327352832, 19000, 52605.18
130, 19327352832, 17136, 58235.11
131, 19327352832, 15904, 62645.96
132, 19327352832, 17096, 58378.05
133, 19327352832, 14744, 67699.55
134, 19327352832, 16088, 62048.48
135, 19327352832, 16680, 59866.79
136, 19327352832, 14835, 67306.60
137, 19327352832, 14709, 67799.91
138, 19327352832, 13581, 73656.61
139, 19327352832, 14650, 67998.61
140, 19327352832, 14745, 67707.58
141, 19327352832, 16664, 59881.12
142, 19327352832, 17238, 57890.44
143, 19327352832, 23866, 41774.07
144, 19327352832, 18792, 53142.98
145, 19327352832, 21736, 45831.97
146, 19327352832, 25888, 38493.86
147, 19327352832, 16830, 59388.46
148, 19327352832, 17818, 55967.81
149, 19327352832, 19136, 52090.31
150, 19327352832, 81345, 12012.46
151, 19327352832, 50471, 19586.67
152, 19327352832, 20232, 49309.26
153, 19327352832, 21496, 46345.86
154, 19327352832, 20672, 48133.39
155, 19327352832, 21568, 46126.65
156, 19327352832, 19440, 51156.16
157, 19327352832, 23472, 42320.03
158, 19327352832, 23271, 42711.76
159, 19327352832, 24288, 41010.70
160, 19327352832, 18471, 54037.41
161, 19327352832, 20146, 49456.43
162, 19327352832, 27816, 35879.49
163, 19327352832, 29108, 34185.10
164, 19327352832, 32720, 30461.08
165, 19327352832, 27484, 36279.01
166, 19327352832, 28643, 34773.96
167, 19327352832, 25237, 39531.72
168, 19327352832, 20160, 49423.92
169, 19327352832, 21774, 45696.80
170, 19327352832, 21199, 47024.98
171, 19327352832, 17883, 55571.72
172, 19327352832, 20727, 48007.38
173, 19327352832, 23217, 42834.33
174, 19327352832, 22044, 45122.21
175, 19327352832, 20256, 49187.06
176, 19327352832, 21748, 45901.19
177, 19327352832, 20224, 49282.78
178, 19327352832, 20717, 48121.22
179, 19327352832, 24264, 41093.94
180, 19327352832, 22669, 43994.90
181, 19327352832, 20574, 48654.44
182, 19327352832, 22192, 44793.18
183, 19327352832, 22564, 44192.88
184, 19327352832, 17636, 56574.47
185, 19327352832, 21504, 46361.02
186, 19327352832, 19856, 50272.79
187, 19327352832, 21544, 46264.03
188, 19327352832, 29586, 33680.05
189, 19327352832, 22454, 44405.67
190, 19327352832, 30608, 32533.33
191, 19327352832, 36616, 27153.31
192, 19327352832, 49736, 19891.40
193, 19327352832, 47256, 21001.39
194, 19327352832, 48496, 20397.77
195, 19327352832, 50656, 19534.42
196, 19327352832, 30496, 32629.93
197, 19327352832, 21720, 45876.02
198, 19327352832, 23392, 42607.51
199, 19327352832, 18256, 54553.93
200, 19327352832, 20352, 48934.93
201, 19327352832, 20632, 48294.15
202, 19327352832, 22408, 44489.09
203, 19327352832, 19032, 52416.65
204, 19327352832, 20464, 48654.76
205, 19327352832, 18888, 52742.33
206, 19327352832, 20056, 49668.27
207, 19327352832, 21040, 47389.02
208, 19327352832, 21904, 45433.57
209, 19327352832, 30480, 32692.36
210, 19327352832, 33592, 29630.19
211, 19327352832, 32376, 30759.36
212, 19327352832, 32176, 30982.15
213, 19327352832, 25472, 39112.53
214, 19327352832, 25248, 39491.04
215, 19327352832, 22968, 43449.26
216, 19327352832, 22440, 44417.39
217, 19327352832, 22632, 44101.22
218, 19327352832, 26296, 37908.84
219, 19327352832, 25912, 38477.81
220, 19327352832, 24496, 40675.51
221, 19327352832, 23840, 41879.06
222, 19327352832, 19880, 50143.68
223, 19327352832, 22216, 44842.42
224, 19327352832, 28992, 34350.23
225, 19327352832, 45768, 21733.24
226, 19327352832, 52616, 18892.25
227, 19327352832, 41272, 24081.53
228, 19327352832, 56615, 17540.42
229, 19327352832, 60297, 16460.59
230, 19327352832, 59576, 16658.52
231, 19327352832, 58688, 16914.29
232, 19327352832, 59928, 16562.24
233, 19327352832, 56576, 17549.63
234, 19327352832, 56928, 17430.91
235, 19327352832, 56160, 17670.22
236, 19327352832, 53080, 18713.96
237, 19327352832, 51896, 19127.44
238, 19327352832, 49552, 19980.07
239, 19327352832, 53352, 18620.49
240, 19327352832, 48576, 20475.56
241, 19327352832, 24560, 40589.32
242, 19327352832, 27520, 36219.58
243, 19327352832, 20856, 47827.94
244, 19327352832, 19664, 50841.31
245, 19327352832, 19360, 51427.32
246, 19327352832, 40480, 24487.06
247, 19327352832, 51120, 19413.67
248, 19327352832, 55048, 18052.13
249, 19327352832, 53752, 18486.48
250, 19327352832, 53408, 18610.71
251, 19327352832, 55766, 17816.82
252, 19327352832, 57130, 17388.59
253, 19327352832, 54648, 18184.42
254, 19327352832, 55237, 17981.09
255, 19327352832, 57851, 17175.96
256, 19327352832, 59984, 16557.58
257, 19327352832, 55016, 18060.22
258, 19327352832, 54896, 18114.04
