Elapsed_Time(s), Memory_Usage(Bytes), Access_Count, Avg_Latency(ns)
0, 246620160, 60211, 4113.95
1, 1229541376, 239971, 4100.22
2, 2324889600, 267419, 3672.07
3, 3403960320, 263445, 3729.05
4, 4751732736, 329046, 2982.70
5, 5617192960, 211294, 4675.96
6, 5867405312, 61087, 16311.17
7, 6049804288, 44531, 22386.50
8, 6232342528, 44565, 22373.73
9, 6496186368, 64415, 15461.37
10, 6786400256, 70853, 14040.36
11, 6977335296, 46615, 21394.79
12, 7162597376, 45230, 22027.88
13, 7349628928, 45662, 21835.33
14, 7591243776, 58988, 16863.46
15, 7893856256, 73880, 13476.71
16, 8191229952, 72601, 13703.16
17, 8452489216, 63784, 15602.95
18, 8668045312, 52626, 18931.58
19, 8903258112, 57425, 17354.17
20, 9184542720, 68673, 14485.99
21, 9422704640, 58145, 17126.78
22, 9714638848, 71273, 13962.65
23, 9995497472, 68569, 14518.72
24, 10279923712, 69440, 14332.19
25, 10561818624, 68822, 14452.23
26, 10830278656, 65542, 15182.47
27, 11096125440, 64904, 15330.90
28, 11322916864, 55369, 18001.99
29, 11532877824, 51260, 19426.99
30, 11809181696, 67457, 14758.69
31, 12084842496, 67300, 14792.48
32, 12334571520, 60969, 16334.20
33, 12556021760, 54065, 18428.71
34, 12804608000, 60690, 16406.14
35, 13059624960, 62260, 16005.32
36, 13290147840, 56280, 17688.90
37, 13493800960, 49720, 20050.52
38, 13725495296, 56566, 17606.69
39, 13956149248, 56312, 17700.92
40, 14173696000, 53112, 18754.53
41, 14433964032, 63542, 15682.27
42, 14673842176, 58564, 16996.06
43, 14920454144, 60208, 16529.72
44, 15090376704, 41485, 24049.99
45, 15290642432, 48893, 20376.62
46, 15419932672, 31565, 31595.26
47, 15561555968, 34576, 28850.62
48, 15759769600, 48392, 20588.97
49, 16007192576, 60406, 16486.49
50, 16234237952, 55431, 17971.44
51, 16418590720, 45008, 22138.47
52, 16644272128, 55098, 18079.64
53, 16898940928, 62175, 16022.24
54, 17158033408, 63255, 15741.88
55, 17398747136, 58768, 16949.96
56, 17655185408, 62607, 15896.55
57, 17911296000, 62527, 15933.82
58, 18169577472, 63057, 15783.38
59, 18409816064, 58652, 16979.98
60, 18663518208, 61939, 16090.45
61, 18933096448, 65815, 15113.62
62, 19215519744, 68951, 14436.70
63, 19327352832, 542239, 1730.57
64, 19327352832, 18513, 53816.24
65, 19327352832, 12332, 80997.93
66, 19327352832, 7188, 139485.35
67, 19327352832, 7888, 126283.80
68, 19327352832, 7696, 129666.90
69, 19327352832, 8984, 111166.02
70, 19327352832, 6920, 144411.78
71, 19327352832, 7397, 135071.72
72, 19327352832, 8219, 121620.21
73, 19327352832, 9569, 104234.95
74, 19327352832, 10380, 96086.94
75, 19327352832, 10236, 97569.36
76, 19327352832, 8711, 114650.51
77, 19327352832, 7648, 130420.75
78, 19327352832, 8372, 119284.92
79, 19327352832, 10786, 92521.10
80, 19327352832, 10262, 97366.61
81, 19327352832, 10300, 96843.35
82, 19327352832, 10680, 93341.35
83, 19327352832, 12784, 78119.26
84, 19327352832, 11112, 89713.51
85, 19327352832, 14216, 70058.31
86, 19327352832, 13759, 72491.55
87, 19327352832, 11753, 85099.36
88, 19327352832, 9952, 100081.78
89, 19327352832, 20528, 48529.17
90, 19327352832, 15840, 62974.82
91, 19327352832, 118024, 8263.59
92, 19327352832, 8940, 111865.03
93, 19327352832, 11460, 87112.60
94, 19327352832, 14432, 69117.80
95, 19327352832, 12820, 77841.36
96, 19327352832, 10592, 94449.36
97, 19327352832, 11280, 88407.16
98, 19327352832, 14068, 70945.59
99, 19327352832, 17277, 57815.67
100, 19327352832, 18395, 54226.85
101, 19327352832, 22104, 45092.63
102, 19327352832, 25032, 39843.35
103, 19327352832, 21872, 45637.74
104, 19327352832, 29250, 34064.34
105, 19327352832, 27374, 36404.67
106, 19327352832, 22432, 44429.73
107, 19327352832, 21517, 46359.63
108, 19327352832, 24149, 41304.80
109, 19327352832, 26358, 37807.86
110, 19327352832, 26912, 37039.53
111, 19327352832, 26912, 37040.96
112, 19327352832, 27440, 36327.42
113, 19327352832, 24048, 41453.62
114, 19327352832, 21736, 45932.69
115, 19327352832, 21888, 45639.60
116, 19327352832, 16560, 60180.16
117, 19327352832, 17472, 57089.52
118, 19327352832, 18872, 52822.26
119, 19327352832, 18240, 54690.20
120, 19327352832, 17992, 55476.87
121, 19327352832, 21816, 45714.79
122, 19327352832, 25080, 39780.46
123, 19327352832, 25936, 38419.56
124, 19327352832, 21808, 45714.62
125, 19327352832, 23819, 41868.30
126, 19327352832, 18469, 54053.77
127, 19327352832, 21147, 47146.97
128, 19327352832, 50067, 19880.99
129, 19327352832, 88385, 11190.78
130, 19327352832, 26841, 37184.15
131, 19327352832, 21560, 46204.71
132, 19327352832, 21055, 47371.96
133, 19327352832, 21361, 46779.46
134, 19327352832, 21596, 46093.72
135, 19327352832, 23604, 42254.10
136, 19327352832, 21120, 47241.63
137, 19327352832, 22336, 44619.04
138, 19327352832, 24248, 41132.83
139, 19327352832, 26680, 37327.39
140, 19327352832, 25872, 38528.64
141, 19327352832, 20752, 48058.90
142, 19327352832, 30156, 32973.93
143, 19327352832, 26192, 38007.83
144, 19327352832, 33737, 29457.70
145, 19327352832, 26788, 37177.84
146, 19327352832, 27124, 36649.18
147, 19327352832, 29130, 34199.50
148, 19327352832, 25399, 39176.87
149, 19327352832, 26474, 37627.36
150, 19327352832, 35143, 28361.02
151, 19327352832, 35624, 27929.89
152, 19327352832, 62395, 15900.41
153, 19327352832, 47766, 20817.63
154, 19327352832, 55699, 17837.55
155, 19327352832, 56678, 17549.65
156, 19327352832, 51823, 19155.84
157, 19327352832, 64226, 15456.03
158, 19327352832, 93994, 10526.77
159, 19327352832, 39467, 25212.55
160, 19327352832, 45266, 21977.50
161, 19327352832, 41074, 24221.52
162, 19327352832, 41069, 24225.01
163, 19327352832, 41779, 23812.50
164, 19327352832, 46926, 21197.02
165, 19327352832, 42742, 23270.60
166, 19327352832, 36417, 27336.54
167, 19327352832, 40804, 24387.01
168, 19327352832, 44220, 22500.68
169, 19327352832, 40707, 24443.81
170, 19327352832, 40358, 24625.11
171, 19327352832, 38970, 25495.63
172, 19327352832, 41973, 23652.56
173, 19327352832, 44260, 22414.63
174, 19327352832, 50657, 19546.53
175, 19327352832, 90479, 10795.50
176, 19327352832, 46320, 21388.22
177, 19327352832, 29605, 33637.00
178, 19327352832, 26311, 37904.76
179, 19327352832, 28104, 35405.76
180, 19327352832, 24536, 40628.03
181, 19327352832, 13488, 74019.86
182, 19327352832, 13016, 76845.63
183, 19327352832, 13944, 71524.95
184, 19327352832, 12160, 82082.74
185, 19327352832, 7368, 135670.06
186, 19327352832, 7584, 132482.95
187, 19327352832, 7216, 137501.04
188, 19327352832, 8072, 123996.98
189, 19327352832, 14832, 67167.22
190, 19327352832, 20664, 48268.09
191, 19327352832, 27032, 36825.09
192, 19327352832, 40120, 24657.83
193, 19327352832, 40216, 24721.23
194, 19327352832, 45240, 21973.25
195, 19327352832, 45964, 21632.08
196, 19327352832, 28516, 34940.87
197, 19327352832, 21256, 46911.76
198, 19327352832, 20672, 48290.25
199, 19327352832, 20128, 49512.97
200, 19327352832, 23632, 42199.14
201, 19327352832, 24128, 41305.43
202, 19327352832, 24088, 41419.05
203, 19327352832, 25463, 39101.26
204, 19327352832, 26817, 37169.50
205, 19327352832, 26616, 37443.26
206, 19327352832, 23523, 42387.03
207, 19327352832, 26205, 38057.58
208, 19327352832, 29704, 33551.35
209, 19327352832, 33064, 30104.01
210, 19327352832, 30936, 32174.95
211, 19327352832, 25072, 39758.81
212, 19327352832, 26888, 37075.11
213, 19327352832, 25856, 38538.01
214, 19327352832, 23600, 42243.42
215, 19327352832, 24216, 41169.36
216, 19327352832, 24264, 41085.69
217, 19327352832, 24168, 41299.02
218, 19327352832, 25176, 39565.00
219, 19327352832, 26576, 37517.94
220, 19327352832, 25816, 38677.88
221, 19327352832, 24649, 40335.50
