Elapsed_Time(s), Memory_Usage(Bytes), Access_Count, Avg_Latency(ns)
0, 119930880, 29281, 7271.00
1, 506204160, 94305, 10536.41
2, 901009408, 96388, 10308.80
3, 1225363456, 79188, 12561.08
4, 1560711168, 81872, 12147.60
5, 1962479616, 98088, 10128.90
6, 2133938176, 41860, 24309.61
7, 2148421632, 3536, 297116.33
8, 2155876352, 1820, 544539.28
9, 2189578240, 8228, 116156.79
10, 2299076608, 26733, 36875.40
11, 2408869888, 26805, 37659.01
12, 2502422528, 22840, 42951.98
13, 2591211520, 21677, 46059.03
14, 2665111552, 18042, 55651.99
15, 2732142592, 16365, 60716.78
16, 2818068480, 20978, 47609.42
17, 2995036160, 43205, 23073.27
18, 3176050688, 44193, 22557.40
19, 3345801216, 41443, 24269.60
20, 3508756480, 39784, 24866.14
21, 3675656192, 40747, 24643.03
22, 3847094272, 41855, 23648.99
23, 3941064704, 22942, 43973.37
24, 4060516352, 29163, 34857.52
25, 4175249408, 28011, 34855.81
26, 4331778048, 38215, 25960.07
27, 4497731584, 40516, 24578.02
28, 4639203328, 34539, 28887.76
29, 4801462272, 39614, 25167.86
30, 4974465024, 42237, 23601.32
31, 5135392768, 39289, 25377.55
32, 5233266688, 23895, 42711.62
33, 5344047104, 27046, 36955.65
34, 5458714624, 27995, 34898.15
35, 5552041984, 22785, 44538.03
36, 5650198528, 23964, 41638.42
37, 5773508608, 30105, 32680.64
38, 5903036416, 31623, 31657.97
39, 5999837184, 23633, 41926.30
40, 6098870272, 24178, 41997.22
41, 6200356864, 24777, 40847.86
42, 6326341632, 30758, 32099.71
43, 6464737280, 33788, 29799.81
44, 6584061952, 29132, 33920.44
45, 6746271744, 39602, 24835.99
46, 6893240320, 35881, 28304.81
47, 7032651776, 34036, 28766.32
48, 7191654400, 38819, 25567.10
49, 7363117056, 41861, 23805.43
50, 7530602496, 40890, 24444.04
51, 7723827200, 47174, 21145.98
52, 7905263616, 44296, 22549.72
53, 8109637632, 49896, 19872.20
54, 8276426752, 40720, 24507.54
55, 8438665216, 39609, 25161.44
56, 8625782784, 45683, 21925.22
57, 8828227584, 49425, 20122.38
58, 9037869056, 51182, 19410.72
59, 9302122496, 64515, 15432.16
60, 9634287616, 81095, 12309.33
61, 9663676416, 23288, 42726.21
62, 9663676416, 18200, 56400.47
63, 9663676416, 20040, 49658.62
64, 9663676416, 21696, 44971.30
65, 9663676416, 20520, 48098.43
66, 9663676416, 19760, 51398.74
67, 9663676416, 18832, 52089.94
68, 9663676416, 22939, 43277.53
69, 9663676416, 25037, 39788.22
70, 9663676416, 26456, 37749.45
71, 9663676416, 27544, 36242.18
72, 9663676416, 25584, 38935.78
73, 9663676416, 26136, 37902.02
74, 9663676416, 26152, 38072.08
75, 9663676416, 24151, 41245.28
76, 9663676416, 23209, 43229.71
77, 9663676416, 22640, 43977.25
78, 9663676416, 21960, 45259.78
79, 9663676416, 23765, 41724.85
80, 9663676416, 22483, 44352.45
81, 9663676416, 22496, 44521.44
82, 9663676416, 18465, 53678.24
83, 9663676416, 25109, 39665.08
84, 9663676416, 24338, 41172.42
85, 9663676416, 25512, 38821.19
86, 9663676416, 24790, 40189.23
87, 9663676416, 21938, 45814.18
88, 9663676416, 20656, 47890.01
89, 9663676416, 18360, 54085.52
90, 9663676416, 22528, 44148.99
91, 9663676416, 20424, 48717.16
92, 9663676416, 20072, 49673.58
93, 9663676416, 23864, 41746.76
94, 9663676416, 24504, 41012.51
95, 9663676416, 25168, 39396.51
96, 9663676416, 26100, 38022.08
97, 9663676416, 24576, 40526.36
98, 9663676416, 27131, 36720.26
99, 9663676416, 24729, 40468.22
100, 9663676416, 23119, 42884.21
101, 9663676416, 22657, 44081.43
102, 9663676416, 25664, 38940.77
103, 9663676416, 25104, 39723.57
104, 9663676416, 25064, 39456.96
105, 9663676416, 26433, 37680.78
106, 9663676416, 26887, 37159.35
107, 9663676416, 25248, 39693.79
108, 9663676416, 26615, 37091.74
109, 9663676416, 27665, 36092.45
110, 9663676416, 24248, 41091.34
111, 9663676416, 25168, 39770.55
112, 9663676416, 24576, 40215.22
113, 9663676416, 23784, 42185.45
114, 9663676416, 21736, 45768.38
115, 9663676416, 21928, 45191.74
116, 9663676416, 23968, 41785.97
117, 9663676416, 21832, 45745.41
118, 9663676416, 17168, 57711.95
119, 9663676416, 20320, 48873.61
120, 9663676416, 16800, 59492.78
121, 9663676416, 26440, 37708.65
122, 9663676416, 23968, 41595.39
123, 9663676416, 17960, 55278.46
124, 9663676416, 25176, 39493.33
125, 9663676416, 24588, 40444.20
126, 9663676416, 23562, 42301.74
127, 9663676416, 23594, 42320.20
128, 9663676416, 24978, 39779.80
129, 9663676416, 22966, 43572.16
130, 9663676416, 23064, 43144.12
131, 9663676416, 20552, 48251.17
132, 9663676416, 25632, 39085.11
133, 9663676416, 20168, 49110.02
134, 9663676416, 22640, 44242.65
135, 9663676416, 18384, 54010.89
136, 9663676416, 21800, 46767.44
137, 9663676416, 19114, 50783.77
138, 9663676416, 17822, 56160.65
139, 9663676416, 24264, 41001.26
140, 9663676416, 21704, 45768.67
141, 9663676416, 23139, 43052.86
142, 9663676416, 25373, 39254.45
143, 9663676416, 25432, 39197.18
144, 9663676416, 28751, 34575.88
145, 9663676416, 30649, 32462.57
146, 9663676416, 22760, 43834.91
147, 9663676416, 24856, 40287.48
148, 9663676416, 23992, 41252.39
149, 9663676416, 23784, 42017.87
150, 9663676416, 25596, 38766.57
151, 9663676416, 33852, 29511.45
152, 9663676416, 25264, 39286.44
153, 9663676416, 24584, 40545.60
154, 9663676416, 35904, 27702.39
155, 9663676416, 27592, 36092.64
156, 9663676416, 31920, 31179.72
157, 9663676416, 35008, 28408.43
158, 9663676416, 28051, 35508.45
