Elapsed_Time(s), Memory_Usage(Bytes), Access_Count, Avg_Latency(ns)
0, 91422720, 22321, 7626.07
1, 627888128, 130973, 7568.70
2, 1184780288, 135960, 7288.80
3, 1578455040, 96112, 10338.60
4, 2101366784, 127664, 7767.36
5, 2478301184, 92025, 10800.42
6, 2659897344, 44335, 23633.82
7, 2668175360, 2021, 513932.03
8, 2677489664, 2274, 435790.12
9, 2739826688, 15219, 61218.35
10, 2887708672, 36104, 27412.31
11, 3029151744, 34532, 29334.73
12, 3155275776, 30792, 31728.74
13, 3291922432, 33361, 29907.76
14, 3415461888, 30161, 33287.97
15, 3550728192, 33024, 30031.55
16, 3669086208, 28896, 34582.15
17, 3851923456, 44638, 22474.31
18, 4003012608, 36887, 26952.91
19, 4144013312, 34424, 28891.64
20, 4313866240, 41468, 24075.65
21, 4479369216, 40406, 24776.27
22, 4663394304, 44928, 22049.79
23, 4772896768, 26734, 37630.98
24, 4893470720, 29437, 34575.28
25, 5003227136, 26796, 36469.90
26, 5143863296, 34335, 28970.70
27, 5323231232, 43791, 22794.13
28, 5459656704, 33307, 29799.85
29, 5626327040, 40691, 24579.27
30, 5788966912, 39707, 25107.56
31, 5948887040, 39043, 25472.81
32, 6074392576, 30641, 33392.63
33, 6233120768, 38752, 25712.79
34, 6372622336, 34058, 28684.94
35, 6492364800, 29234, 34593.03
36, 6609977344, 28714, 34794.09
37, 6746624000, 33361, 29604.92
38, 6882566144, 33189, 30037.88
39, 7023919104, 34510, 29555.15
40, 7135387648, 27214, 35880.64
41, 7254986752, 29199, 35078.30
42, 7355801600, 24613, 39907.70
43, 7481139200, 30600, 33019.34
44, 7613427712, 32297, 30608.51
45, 7745363968, 32211, 30434.82
46, 7891197952, 35604, 28557.49
47, 8049618944, 38677, 25294.54
48, 8171380736, 29727, 33611.05
49, 8325337088, 37587, 26541.52
50, 8497659904, 42071, 23760.12
51, 8669032448, 41839, 23659.39
52, 8839413760, 41597, 23963.02
53, 9008185344, 41204, 24396.14
54, 9165766656, 38472, 25900.93
55, 9330786304, 40288, 24697.19
56, 9518780416, 45897, 21679.26
57, 9663676416, 37712, 26348.27
58, 9663676416, 11936, 83605.28
59, 9663676416, 15532, 64175.00
60, 9663676416, 15156, 66142.45
61, 9663676416, 16816, 59182.00
62, 9663676416, 17792, 57597.72
63, 9663676416, 20440, 48745.57
64, 9663676416, 20968, 46479.09
65, 9663676416, 20466, 48160.28
66, 9663676416, 19190, 52717.04
67, 9663676416, 19488, 50576.20
68, 9663676416, 23320, 42826.33
69, 9663676416, 25160, 39317.98
70, 9663676416, 24464, 40830.03
71, 9663676416, 24232, 41317.66
72, 9663676416, 25272, 39176.15
73, 9663676416, 24808, 40059.25
74, 9663676416, 24904, 39986.37
75, 9663676416, 23752, 41959.38
76, 9663676416, 22808, 44063.09
77, 9663676416, 23616, 42015.17
78, 9663676416, 23112, 43012.92
79, 9663676416, 25128, 39549.50
80, 9663676416, 23408, 42586.62
81, 9663676416, 21792, 45917.11
82, 9663676416, 18271, 54130.57
83, 9663676416, 26475, 37617.23
84, 9663676416, 26326, 38086.64
85, 9663676416, 26392, 37462.68
86, 9663676416, 24496, 40669.22
87, 9663676416, 23544, 42587.42
88, 9663676416, 23232, 42758.71
89, 9663676416, 19008, 52168.21
90, 9663676416, 23272, 42780.06
91, 9663676416, 19456, 51136.64
92, 9663676416, 19800, 50288.17
93, 9663676416, 24104, 41330.90
94, 9663676416, 26280, 38161.43
95, 9663676416, 24944, 39897.71
96, 9663676416, 24780, 39976.53
97, 9663676416, 24292, 40990.96
98, 9663676416, 23510, 42386.76
99, 9663676416, 22890, 43620.25
100, 9663676416, 21888, 45433.06
101, 9663676416, 23081, 43164.62
102, 9663676416, 25055, 40007.00
103, 9663676416, 24296, 41013.62
104, 9663676416, 25416, 38897.57
105, 9663676416, 26472, 37611.15
106, 9663676416, 26184, 38045.62
107, 9663676416, 25008, 40113.84
108, 9663676416, 25024, 39494.86
109, 9663676416, 23944, 41653.25
110, 9663676416, 24976, 39968.01
111, 9663676416, 25232, 39631.73
112, 9663676416, 24416, 40487.24
113, 9663676416, 23312, 42984.69
114, 9663676416, 22072, 44874.05
115, 9663676416, 22112, 45046.22
116, 9663676416, 23656, 42312.47
117, 9663676416, 22456, 44415.58
118, 9663676416, 18280, 54343.82
119, 9663676416, 22464, 44264.47
120, 9663676416, 18232, 54895.87
121, 9663676416, 24856, 40064.23
122, 9663676416, 25976, 38398.45
123, 9663676416, 17968, 55117.69
124, 9663676416, 25968, 38429.55
125, 9663676416, 25840, 38475.68
126, 9663676416, 23992, 41524.15
127, 9663676416, 24760, 40299.96
128, 9663676416, 24688, 40257.81
129, 9663676416, 21248, 47080.82
130, 9663676416, 23880, 41752.24
131, 9663676416, 20760, 47805.44
132, 9663676416, 25256, 39708.51
133, 9663676416, 20152, 49094.56
134, 9663676416, 22616, 44297.25
135, 9663676416, 17768, 55986.19
136, 9663676416, 20960, 48605.60
137, 9663676416, 19907, 48782.88
138, 9663676416, 17765, 56276.15
139, 9663676416, 23080, 43175.91
140, 9663676416, 20379, 48723.82
141, 9663676416, 22941, 43432.74
142, 9663676416, 24328, 41019.59
143, 9663676416, 25768, 38634.25
144, 9663676416, 29072, 34202.47
145, 9663676416, 31488, 31574.33
146, 9663676416, 23208, 43034.49
147, 9663676416, 21792, 45976.18
148, 9663676416, 22640, 43639.56
149, 9663676416, 24392, 41186.10
150, 9663676416, 24423, 40404.77
151, 9663676416, 31905, 31276.71
152, 9663676416, 24360, 40742.46
153, 9663676416, 23368, 42686.76
154, 9663676416, 34616, 28669.09
155, 9663676416, 25256, 39488.00
156, 9663676416, 30128, 32974.38
157, 9663676416, 34792, 28595.45
