Elapsed_Time(s), Memory_Usage(Bytes), Access_Count, Avg_Latency(ns)
0, 62783488, 15329, 10572.06
1, 458149888, 96525, 10291.30
2, 905433088, 109200, 9090.53
3, 1300156416, 96368, 10309.43
4, 1593638912, 71651, 13891.01
5, 1993830400, 97703, 10168.74
6, 2157973504, 40074, 25324.89
7, 2177372160, 4736, 226419.79
8, 2185105408, 1888, 530571.56
9, 2226704384, 10156, 90816.99
10, 2307883008, 19819, 49978.50
11, 2386251776, 19133, 52945.12
12, 2468265984, 20023, 48809.63
13, 2552573952, 20583, 48513.18
14, 2662592512, 26860, 37430.19
15, 2757545984, 23182, 42830.18
16, 2873888768, 28404, 35128.03
17, 3051573248, 43380, 22948.26
18, 3244290048, 47050, 21252.35
19, 3428331520, 44932, 22145.71
20, 3600637952, 42067, 23822.45
21, 3811950592, 51590, 19276.30
22, 4066971648, 62261, 15923.36
23, 4348743680, 68792, 14596.16
24, 4520726528, 41988, 24226.17
25, 4680142848, 38920, 25084.27
26, 4856168448, 42975, 23292.84
27, 5027332096, 41788, 23740.85
28, 5185908736, 38715, 25595.63
29, 5346652160, 39244, 25480.30
30, 5495607296, 36366, 27358.37
31, 5658398720, 39744, 25220.72
32, 5845819392, 45757, 22208.42
33, 6007357440, 39438, 25217.34
34, 6129684480, 29865, 32732.13
35, 6282735616, 37366, 27096.58
36, 6423834624, 34448, 28969.58
37, 6570328064, 35765, 27562.88
38, 6682202112, 27313, 36578.22
39, 6788243456, 25889, 38338.25
40, 6909386752, 29576, 34322.91
41, 7032242176, 29994, 33666.45
42, 7177273344, 35408, 27825.09
43, 7297503232, 29353, 34528.41
44, 7418724352, 29595, 33208.31
45, 7546789888, 31266, 31472.58
46, 7701180416, 37693, 27024.74
47, 7857901568, 38262, 25559.17
48, 8012468224, 37736, 26328.26
49, 8210341888, 48309, 20596.44
50, 8376266752, 40509, 24701.29
51, 8547147776, 41719, 23935.49
52, 8693407744, 35708, 27968.80
53, 8870834176, 43317, 22864.30
54, 9025114112, 37666, 26497.96
55, 9151229952, 30790, 32405.56
56, 9321684992, 41615, 24046.61
57, 9498537984, 43177, 23027.86
58, 9663676416, 42686, 23364.80
59, 9663676416, 15288, 65076.16
60, 9663676416, 14608, 68722.14
61, 9663676416, 14760, 67326.73
62, 9663676416, 15152, 67380.83
63, 9663676416, 22752, 43949.01
64, 9663676416, 21328, 45770.18
65, 9663676416, 20952, 47039.86
66, 9663676416, 19888, 50960.63
67, 9663676416, 19192, 51222.22
68, 9663676416, 23349, 42467.04
69, 9663676416, 26643, 37394.26
70, 9663676416, 25704, 38897.41
71, 9663676416, 22376, 44766.29
72, 9663676416, 22960, 43219.18
73, 9663676416, 24455, 40538.28
74, 9663676416, 25929, 38407.44
75, 9663676416, 23536, 42337.37
76, 9663676416, 24416, 41147.62
77, 9663676416, 24000, 41425.67
78, 9663676416, 22360, 44345.28
79, 9663676416, 23584, 42079.55
80, 9663676416, 21800, 45739.74
81, 9663676416, 22984, 43501.98
82, 9663676416, 18259, 54167.34
83, 9663676416, 26717, 37283.20
84, 9663676416, 25584, 39216.12
85, 9663676416, 27408, 36063.79
86, 9663676416, 25608, 38881.75
87, 9663676416, 23312, 43027.40
88, 9663676416, 22512, 44042.79
89, 9663676416, 19024, 52143.50
90, 9663676416, 24272, 41012.15
91, 9663676416, 20040, 49591.95
92, 9663676416, 20720, 48068.15
93, 9663676416, 25072, 39738.36
94, 9663676416, 23736, 42347.66
95, 9663676416, 24512, 40536.11
96, 9663676416, 25648, 38627.56
97, 9663676416, 24532, 40591.96
98, 9663676416, 27325, 36450.81
99, 9663676416, 24431, 40921.44
100, 9663676416, 23776, 41737.64
101, 9663676416, 21768, 45784.22
102, 9663676416, 25704, 38898.98
103, 9663676416, 26392, 37842.65
104, 9663676416, 27104, 36459.82
105, 9663676416, 27368, 36390.74
106, 9663676416, 26152, 38240.22
107, 9663676416, 25312, 39584.98
108, 9663676416, 26504, 37205.04
109, 9663676416, 24392, 40882.46
110, 9663676416, 24168, 41267.94
111, 9663676416, 23856, 41872.17
112, 9663676416, 23920, 41444.84
113, 9663676416, 23744, 42198.46
114, 9663676416, 23872, 41478.25
115, 9663676416, 22656, 43975.05
116, 9663676416, 24392, 41056.58
117, 9663676416, 21520, 46409.55
118, 9663676416, 16880, 58643.80
119, 9663676416, 20710, 47951.39
120, 9663676416, 16698, 59902.28
121, 9663676416, 24704, 40361.66
122, 9663676416, 23616, 42193.75
123, 9663676416, 17760, 55871.45
124, 9663676416, 25344, 39326.63
125, 9663676416, 24912, 39915.29
126, 9663676416, 24512, 40647.84
127, 9663676416, 23592, 42411.39
128, 9663676416, 24120, 41125.28
129, 9663676416, 21560, 46450.82
130, 9663676416, 21336, 46593.91
131, 9663676416, 20072, 49420.42
132, 9663676416, 25040, 40054.34
133, 9663676416, 20056, 49323.30
134, 9663676416, 21434, 46435.70
135, 9663676416, 18294, 54673.20
136, 9663676416, 20320, 50007.60
137, 9663676416, 20032, 48560.37
138, 9663676416, 19544, 51212.43
139, 9663676416, 23496, 42376.82
140, 9663676416, 20152, 49277.22
141, 9663676416, 23320, 42735.90
142, 9663676416, 23408, 42641.89
143, 9663676416, 24208, 41102.85
144, 9663676416, 29440, 33787.17
145, 9663676416, 30832, 32308.01
146, 9663676416, 24528, 40606.95
147, 9663676416, 22528, 44534.41
148, 9663676416, 24280, 40715.90
149, 9663676416, 24240, 41287.12
150, 9663676416, 24640, 40227.78
151, 9663676416, 32696, 30544.98
152, 9663676416, 25208, 39350.14
153, 9663676416, 24392, 40866.42
154, 9663676416, 34424, 28849.45
155, 9663676416, 27648, 36056.41
156, 9663676416, 30856, 32204.94
157, 9663676416, 34025, 29233.43
158, 9663676416, 29615, 33624.46
