Elapsed_Time(s), Memory_Usage(Bytes), Access_Count, Avg_Latency(ns)
0, 147853312, 36098, 6208.76
1, 542740480, 96408, 10305.76
2, 939741184, 96924, 10248.80
3, 1257619456, 77607, 12819.61
4, 1595179008, 82412, 12067.53
5, 2067357696, 115278, 8615.97
6, 2236878848, 41387, 24890.04
7, 2254012416, 4183, 241970.35
8, 2264653824, 2598, 601628.37
9, 2297303040, 7971, 51063.53
10, 2429554688, 32288, 30590.47
11, 2622369792, 47074, 21411.92
12, 2847076352, 54860, 17856.91
13, 3093078016, 60059, 16584.16
14, 3319074816, 55175, 18117.67
15, 3560226816, 58875, 16858.57
16, 3773558784, 52083, 19237.11
17, 3967406080, 47326, 21028.71
18, 4157095936, 46311, 21508.94
19, 4357980160, 49044, 20353.60
20, 4521705472, 39972, 24968.73
21, 4720656384, 48572, 20488.26
22, 4942323712, 54118, 18324.94
23, 5173432320, 56423, 17651.71
24, 5386297344, 51969, 19745.26
25, 5592477696, 50337, 19321.63
26, 5724540928, 32242, 30959.78
27, 5865975808, 34530, 28746.76
28, 6011887616, 35623, 27950.38
29, 6198759424, 45623, 21943.79
30, 6367428608, 41179, 24117.78
31, 6537756672, 41584, 24086.41
32, 6668214272, 31850, 31883.04
33, 6819049472, 36825, 27024.81
34, 6927794176, 26549, 36983.68
35, 7025221632, 23786, 42529.06
36, 7115345920, 22003, 45430.26
37, 7219171328, 25348, 39011.24
38, 7313252352, 22969, 43360.99
39, 7414501376, 24719, 41436.37
40, 7513198592, 24096, 41048.77
41, 7601119232, 21465, 47076.03
42, 7701012480, 24388, 40216.64
43, 7803248640, 24960, 40445.72
44, 7909498880, 25940, 38186.39
45, 8019005440, 26735, 36591.82
46, 8096555008, 18933, 53832.19
47, 8207372288, 27055, 36352.84
48, 8308649984, 24726, 40428.43
49, 8464011264, 37930, 26225.30
50, 8636715008, 42164, 23498.60
51, 8793591808, 38300, 26167.91
52, 8975626240, 44442, 22344.33
53, 9140301824, 40204, 24851.53
54, 9321844736, 44322, 22563.72
55, 9501298688, 43812, 22597.85
56, 9663676416, 40080, 24894.46
57, 9663676416, 12636, 78965.34
58, 9663676416, 10968, 90948.74
59, 9663676416, 13480, 74152.68
60, 9663676416, 14416, 69454.54
61, 9663676416, 15976, 62172.43
62, 9663676416, 16072, 63550.37
63, 9663676416, 21392, 46814.78
64, 9663676416, 21344, 45645.43
65, 9663676416, 21574, 45781.16
66, 9663676416, 20626, 49131.99
67, 9663676416, 20696, 47418.53
68, 9663676416, 23448, 42801.53
69, 9663676416, 26680, 37071.73
70, 9663676416, 27672, 36089.36
71, 9663676416, 26520, 37651.13
72, 9663676416, 27144, 36615.75
73, 9663676416, 25952, 38274.17
74, 9663676416, 25440, 39132.92
75, 9663676416, 24560, 40569.71
76, 9663676416, 23256, 43068.82
77, 9663676416, 23304, 42615.32
78, 9663676416, 22352, 44478.16
79, 9663676416, 23560, 42188.64
80, 9663676416, 21688, 45941.11
81, 9663676416, 21808, 45860.97
82, 9663676416, 18188, 54429.43
83, 9663676416, 26404, 37704.26
84, 9663676416, 26400, 37921.05
85, 9663676416, 26928, 36770.75
86, 9663676416, 25496, 39057.94
87, 9663676416, 24176, 41533.10
88, 9663676416, 22040, 44956.71
89, 9663676416, 19725, 50266.78
90, 9663676416, 24331, 40918.06
91, 9663676416, 20809, 47802.35
92, 9663676416, 21383, 46571.46
93, 9663676416, 25512, 39028.02
94, 9663676416, 26848, 37356.69
95, 9663676416, 26560, 37370.54
96, 9663676416, 25736, 38572.28
97, 9663676416, 26218, 37988.07
98, 9663676416, 23598, 42213.79
99, 9663676416, 22952, 43506.70
100, 9663676416, 23832, 41698.97
101, 9663676416, 22920, 43507.52
102, 9663676416, 25240, 39656.69
103, 9663676416, 24000, 41533.63
104, 9663676416, 23752, 41587.54
105, 9663676416, 24736, 40255.99
106, 9663676416, 23872, 41752.81
107, 9663676416, 25512, 39296.98
108, 9663676416, 25440, 38836.79
109, 9663676416, 24096, 41388.26
110, 9663676416, 23992, 41632.10
111, 9663676416, 24544, 40770.13
112, 9663676416, 24264, 40727.68
113, 9663676416, 23904, 41887.26
114, 9663676416, 23126, 42838.85
115, 9663676416, 22902, 43504.08
116, 9663676416, 23548, 42484.80
117, 9663676416, 20736, 48078.92
118, 9663676416, 16696, 59371.10
119, 9663676416, 19990, 49631.03
120, 9663676416, 17242, 58005.08
121, 9663676416, 26257, 37832.83
122, 9663676416, 23991, 41684.94
123, 9663676416, 16808, 59086.07
124, 9663676416, 24160, 41142.45
125, 9663676416, 24104, 41240.80
126, 9663676416, 24240, 41106.32
127, 9663676416, 24744, 40361.00
128, 9663676416, 25192, 39450.49
129, 9663676416, 23704, 42187.82
130, 9663676416, 24136, 41273.16
131, 9663676416, 21433, 46333.59
132, 9663676416, 24527, 40857.55
133, 9663676416, 20612, 47994.44
134, 9663676416, 22836, 43897.99
135, 9663676416, 18056, 54996.51
136, 9663676416, 21168, 48158.50
137, 9663676416, 19434, 49981.59
138, 9663676416, 18230, 54883.09
139, 9663676416, 24000, 41501.33
140, 9663676416, 21012, 47260.75
141, 9663676416, 23588, 42234.63
142, 9663676416, 25664, 38861.31
143, 9663676416, 25384, 39197.09
144, 9663676416, 29368, 33871.76
145, 9663676416, 30026, 33127.37
146, 9663676416, 22238, 44875.60
147, 9663676416, 24960, 40127.34
148, 9663676416, 23280, 42489.17
149, 9663676416, 24728, 40465.63
150, 9663676416, 24014, 41272.13
151, 9663676416, 32578, 30685.57
152, 9663676416, 25216, 39325.29
153, 9663676416, 23496, 42478.80
154, 9663676416, 35040, 28354.58
155, 9663676416, 27520, 36261.81
156, 9663676416, 31498, 31540.89
