Elapsed_Time(s), Memory_Usage(Bytes), Access_Count, Avg_Latency(ns)
0, 150147072, 36658, 6194.08
1, 543473664, 96027, 10346.93
2, 950345728, 99334, 10001.08
3, 1331138560, 92967, 10690.03
4, 1730277376, 97446, 10196.06
5, 2130006016, 97590, 10181.46
6, 2297245696, 40830, 24452.49
7, 2312187904, 3648, 297261.19
8, 2320207872, 1958, 777519.32
9, 2345594880, 6198, 65828.27
10, 2427760640, 20060, 49226.31
11, 2505506816, 18981, 53378.55
12, 2584215552, 19216, 50908.66
13, 2672668672, 21595, 46238.05
14, 2788311040, 28233, 35566.17
15, 2875670528, 21328, 46539.54
16, 3008598016, 32453, 31038.73
17, 3182858240, 42544, 23383.84
18, 3368140800, 45235, 21867.45
19, 3534422016, 40596, 24791.34
20, 3713974272, 43836, 22550.47
21, 3869990912, 38090, 26358.33
22, 4051890176, 44409, 22286.48
23, 4158947328, 26137, 38452.49
24, 4236226560, 18867, 54099.53
25, 4331106304, 23164, 42183.99
26, 4464119808, 32474, 30588.87
27, 4643737600, 43852, 22676.40
28, 4796661760, 37335, 26783.55
29, 4959899648, 39853, 24995.22
30, 5128028160, 41047, 24286.53
31, 5295169536, 40806, 24399.16
32, 5428334592, 32511, 31381.84
33, 5539921920, 27243, 36535.32
34, 5653774336, 27796, 35185.59
35, 5761159168, 26217, 38821.50
36, 5863362560, 24952, 39936.17
37, 5970456576, 26146, 37748.15
38, 6079266816, 26565, 37559.09
39, 6187294720, 26374, 38759.80
40, 6268686336, 19871, 49555.69
41, 6375378944, 26048, 38923.84
42, 6492622848, 28624, 34407.99
43, 6613557248, 29525, 34104.87
44, 6718955520, 25732, 38545.36
45, 6833369088, 27933, 35082.33
46, 6921486336, 21513, 47387.64
47, 7023820800, 24984, 39238.60
48, 7126355968, 25033, 39871.09
49, 7274512384, 36171, 27584.70
50, 7435370496, 39272, 25446.32
51, 7592083456, 38260, 25865.52
52, 7763845120, 41934, 23775.49
53, 7940038656, 43016, 23386.25
54, 8123805696, 44865, 22200.34
55, 8304734208, 44172, 22498.64
56, 8501280768, 47985, 20657.96
57, 8713199616, 51738, 19248.91
58, 8941817856, 55815, 17850.70
59, 9222049792, 68416, 14570.42
60, 9565900800, 83948, 11903.50
61, 9663676416, 36160, 27464.75
62, 9663676416, 14632, 69715.69
63, 9663676416, 20504, 48708.28
64, 9663676416, 20968, 46608.85
65, 9663676416, 22024, 44711.97
66, 9663676416, 19384, 52257.74
67, 9663676416, 19064, 51510.46
68, 9663676416, 22656, 44198.82
69, 9663676416, 25040, 39505.31
70, 9663676416, 24128, 41450.83
71, 9663676416, 24904, 40170.99
72, 9663676416, 24160, 41002.19
73, 9663676416, 24375, 40721.83
74, 9663676416, 25649, 38828.07
75, 9663676416, 23528, 42391.08
76, 9663676416, 24040, 41693.69
77, 9663676416, 22832, 43618.73
78, 9663676416, 21840, 45400.78
79, 9663676416, 22914, 43332.64
80, 9663676416, 21398, 46566.75
81, 9663676416, 21152, 47282.00
82, 9663676416, 17728, 55816.56
83, 9663676416, 25032, 39774.39
84, 9663676416, 24064, 41714.20
85, 9663676416, 25744, 38413.88
86, 9663676416, 25406, 39209.44
87, 9663676416, 24146, 41559.21
88, 9663676416, 23112, 42877.45
89, 9663676416, 18783, 52858.27
90, 9663676416, 24065, 41327.68
91, 9663676416, 19328, 51414.74
92, 9663676416, 19336, 51508.81
93, 9663676416, 23476, 42423.26
94, 9663676416, 23380, 42960.87
95, 9663676416, 24000, 41400.63
96, 9663676416, 25472, 38900.72
97, 9663676416, 25424, 39156.62
98, 9663676416, 25408, 39211.17
99, 9663676416, 24752, 40367.03
100, 9663676416, 24688, 40182.89
101, 9663676416, 22448, 44442.87
102, 9663676416, 24976, 40078.56
103, 9663676416, 25816, 38551.71
104, 9663676416, 25744, 38457.35
105, 9663676416, 25112, 39640.01
106, 9663676416, 24600, 40533.21
107, 9663676416, 25384, 39468.46
108, 9663676416, 24056, 41084.15
109, 9663676416, 23488, 42472.54
110, 9663676416, 24656, 40489.88
111, 9663676416, 25056, 39897.45
112, 9663676416, 23600, 41945.45
113, 9663676416, 23328, 42984.35
114, 9663676416, 21480, 46348.90
115, 9663676416, 21520, 46052.57
116, 9663676416, 23088, 43392.88
117, 9663676416, 21192, 47074.69
118, 9663676416, 16848, 58736.92
119, 9663676416, 20992, 47292.75
120, 9663676416, 16880, 59170.30
121, 9663676416, 24328, 40992.12
122, 9663676416, 25424, 39245.42
123, 9663676416, 17456, 56769.22
124, 9663676416, 25504, 39137.12
125, 9663676416, 24643, 40340.22
126, 9663676416, 24453, 40751.40
127, 9663676416, 23824, 41898.96
128, 9663676416, 25161, 39502.91
129, 9663676416, 23391, 42707.61
130, 9663676416, 24288, 41044.29
131, 9663676416, 21451, 46241.63
132, 9663676416, 25669, 39215.33
133, 9663676416, 21752, 45361.32
134, 9663676416, 21712, 46164.90
135, 9663676416, 18720, 53106.17
136, 9663676416, 19960, 51119.56
137, 9663676416, 20304, 47739.04
138, 9663676416, 26800, 37286.00
139, 9663676416, 23808, 41798.95
140, 9663676416, 22739, 43692.93
141, 9663676416, 24245, 41091.18
142, 9663676416, 24496, 40713.58
143, 9663676416, 24936, 39922.29
144, 9663676416, 29031, 34283.15
145, 9663676416, 30952, 32132.25
146, 9663676416, 22761, 43824.51
147, 9663676416, 24728, 40499.93
148, 9663676416, 23808, 41542.34
149, 9663676416, 24088, 41779.75
150, 9663676416, 23504, 41918.02
151, 9663676416, 32936, 30381.04
152, 9663676416, 24384, 40639.47
153, 9663676416, 24368, 40897.87
154, 9663676416, 35036, 28372.02
155, 9663676416, 26116, 38178.38
156, 9663676416, 30687, 32385.19
157, 9663676416, 35289, 28194.48
158, 9663676416, 30080, 33105.03
159, 9663676416, 34027, 29244.94
