Elapsed_Time(s), Memory_Usage(Bytes), Access_Count, Avg_Latency(ns)
0, 101842944, 24865, 7296.37
1, 610447360, 124171, 7987.34
2, 1134833664, 128024, 7744.52
3, 1516863488, 93269, 10655.06
4, 1838407680, 78502, 12671.90
5, 2383654912, 133117, 7453.90
6, 2627518464, 59537, 17556.59
7, 2638581760, 2701, 396577.84
8, 2647638016, 2211, 677298.65
9, 2706980864, 14488, 27384.07
10, 2863468544, 38205, 25859.64
11, 3067486208, 49809, 20248.96
12, 3296919552, 56014, 17468.69
13, 3550597120, 61933, 16079.55
14, 3790430208, 58553, 17055.90
15, 4028071936, 58018, 17125.26
16, 4272386048, 59647, 16778.15
17, 4464308224, 46856, 21222.44
18, 4630020096, 40457, 24708.02
19, 4795793408, 40472, 24562.10
20, 4955574272, 39009, 25675.02
21, 5131862016, 43039, 23131.68
22, 5328699392, 48056, 20642.76
23, 5570879488, 59126, 16842.31
24, 5771157504, 48896, 21026.92
25, 5964378112, 47173, 20622.70
26, 6145703936, 44269, 22573.81
27, 6273445888, 31187, 31704.23
28, 6448312320, 42692, 23415.92
29, 6633283584, 45159, 22090.95
30, 6805897216, 42142, 23831.69
31, 6977990656, 42015, 23500.94
32, 7176675328, 48507, 21051.99
33, 7342899200, 40582, 24463.05
34, 7478329344, 33064, 29573.25
35, 7617957888, 34089, 29732.60
36, 7742406656, 30383, 32759.54
37, 7873802240, 32079, 30831.60
38, 7985590272, 27292, 36544.86
39, 8105676800, 29318, 34838.92
40, 8214261760, 26510, 36998.23
41, 8350707712, 33312, 30379.36
42, 8474714112, 30275, 32742.20
43, 8592953344, 28867, 34968.36
44, 8697049088, 25414, 38739.28
45, 8825724928, 31415, 31306.41
46, 8999821312, 42504, 23926.31
47, 9145864192, 35655, 27426.33
48, 9316302848, 41611, 23913.56
49, 9520570368, 49870, 20064.49
50, 9663676416, 35715, 27877.00
51, 9663676416, 11560, 86156.85
52, 9663676416, 7792, 128169.26
53, 9663676416, 10104, 99257.36
54, 9663676416, 11608, 85368.98
55, 9663676416, 10688, 93937.77
56, 9663676416, 11456, 86555.96
57, 9663676416, 12824, 77875.83
58, 9663676416, 11855, 84075.32
59, 9663676416, 14193, 70273.06
60, 9663676416, 14144, 70997.70
61, 9663676416, 15368, 64666.33
62, 9663676416, 16080, 63663.03
63, 9663676416, 22536, 44314.28
64, 9663676416, 22344, 43568.99
65, 9663676416, 21936, 45018.86
66, 9663676416, 20952, 48390.95
67, 9663676416, 20600, 47587.00
68, 9663676416, 22576, 44465.11
69, 9663676416, 26624, 37147.16
70, 9663676416, 27744, 35992.12
71, 9663676416, 26960, 37011.90
72, 9663676416, 25960, 38310.23
73, 9663676416, 25552, 38854.30
74, 9663676416, 25854, 38525.41
75, 9663676416, 25394, 39263.42
76, 9663676416, 23800, 42101.30
77, 9663676416, 23928, 41607.26
78, 9663676416, 22744, 43574.71
79, 9663676416, 25464, 38981.22
80, 9663676416, 22840, 43547.62
81, 9663676416, 23088, 43335.20
82, 9663676416, 18875, 52423.31
83, 9663676416, 27167, 36666.60
84, 9663676416, 26582, 37666.80
85, 9663676416, 26896, 36817.21
86, 9663676416, 26299, 37856.23
87, 9663676416, 24453, 40930.70
88, 9663676416, 22928, 43290.53
89, 9663676416, 19556, 50711.93
90, 9663676416, 24212, 41095.05
91, 9663676416, 21437, 46397.92
92, 9663676416, 21739, 45815.37
93, 9663676416, 24933, 39927.92
94, 9663676416, 27267, 36777.38
95, 9663676416, 26312, 37780.76
96, 9663676416, 24380, 40640.83
97, 9663676416, 24772, 40213.61
98, 9663676416, 22944, 43426.30
99, 9663676416, 22920, 43573.32
100, 9663676416, 23552, 42188.29
101, 9663676416, 22216, 44891.05
102, 9663676416, 25504, 39243.33
103, 9663676416, 24376, 40931.80
104, 9663676416, 24504, 40302.87
105, 9663676416, 25272, 39380.57
106, 9663676416, 24256, 41130.56
107, 9663676416, 25248, 39717.38
108, 9663676416, 24720, 39965.18
109, 9663676416, 24048, 41476.54
110, 9663676416, 24384, 40979.17
111, 9663676416, 24464, 40831.99
112, 9663676416, 24124, 41017.14
113, 9663676416, 24156, 41476.51
114, 9663676416, 22440, 44323.25
115, 9663676416, 24664, 40225.88
116, 9663676416, 24328, 41153.08
117, 9663676416, 21536, 46364.62
118, 9663676416, 16792, 59025.85
119, 9663676416, 20248, 49024.89
120, 9663676416, 17144, 58321.19
121, 9663676416, 25736, 38764.44
122, 9663676416, 24648, 40416.62
123, 9663676416, 17459, 56641.81
124, 9663676416, 24717, 40348.61
125, 9663676416, 24520, 40570.77
126, 9663676416, 24248, 41099.44
127, 9663676416, 24392, 40933.93
128, 9663676416, 24968, 39834.02
129, 9663676416, 23896, 41825.24
130, 9663676416, 23632, 42128.25
131, 9663676416, 21352, 46540.22
132, 9663676416, 24432, 41044.63
133, 9663676416, 20416, 48458.11
134, 9663676416, 21960, 45636.62
135, 9663676416, 18048, 55115.35
136, 9663676416, 21144, 48227.46
137, 9663676416, 19753, 49095.40
138, 9663676416, 18063, 55448.30
139, 9663676416, 23216, 42852.92
140, 9663676416, 20704, 47973.81
141, 9663676416, 22536, 44209.67
142, 9663676416, 25728, 38789.32
143, 9663676416, 25440, 39102.79
144, 9663676416, 28776, 34548.41
145, 9663676416, 30355, 32758.05
146, 9663676416, 22997, 43395.07
147, 9663676416, 24776, 40442.03
148, 9663676416, 23576, 41935.05
149, 9663676416, 23992, 41744.49
150, 9663676416, 25080, 39486.14
151, 9663676416, 32728, 30522.19
152, 9663676416, 25192, 39397.12
153, 9663676416, 23568, 42330.93
154, 9663676416, 34984, 28432.94
