Elapsed_Time(s), Memory_Usage(Bytes), Access_Count, Avg_Latency(ns)
0, 96428032, 23543, 4794.51
1, 1889558528, 437776, 2226.65
2, 4183744512, 560104, 1729.50
3, 6309621760, 519013, 1871.06
4, 7588081664, 312124, 3148.39
5, 8323022848, 179429, 5517.27
6, 8609480704, 69936, 14378.73
7, 8637698048, 6889, 144128.50
8, 8646578176, 2168, 480882.01
9, 8758198272, 27251, 35468.43
10, 9098530816, 83089, 11805.73
11, 9331437568, 56862, 17634.96
12, 9504288768, 42200, 24020.72
13, 9722466304, 53266, 18452.41
14, 10101166080, 92456, 10595.38
15, 10368983040, 65385, 15298.30
16, 10643685376, 67066, 14738.68
17, 10883436544, 58533, 16979.14
18, 11135795200, 61611, 16113.38
19, 11318890496, 44701, 22277.99
20, 11537911808, 53472, 18723.23
21, 11790778368, 61735, 16051.76
22, 12014133248, 54530, 18253.49
23, 12193210368, 43720, 22821.44
24, 12440412160, 60352, 16552.07
25, 12687896576, 60421, 16419.71
26, 12925300736, 57960, 17210.89
27, 13142700032, 53076, 18947.99
28, 13333540864, 46592, 21356.51
29, 13498068992, 40168, 24630.44
30, 13689987072, 46855, 21398.10
31, 13906587648, 52881, 18981.84
32, 14172909568, 65020, 15097.36
33, 14420197376, 60373, 16642.21
34, 14666534912, 60141, 16755.89
35, 14868201472, 49235, 20148.89
36, 15111532544, 59407, 16742.21
37, 15358398464, 60270, 16325.89
38, 15661076480, 73896, 13396.50
39, 15947788288, 69998, 14288.28
40, 16222736384, 67126, 14753.38
41, 16496783360, 66906, 14916.33
42, 16758915072, 63997, 15483.37
43, 17061421056, 73854, 13644.00
44, 17378017280, 77294, 12881.16
45, 17638957056, 63706, 15402.60
46, 17823678464, 45098, 22556.85
47, 18024968192, 49143, 20027.17
48, 18240638976, 52654, 19045.59
49, 18418348032, 43386, 22698.36
50, 18626084864, 50717, 20000.57
51, 18826137600, 48841, 20345.52
52, 18993913856, 40961, 24111.32
53, 19246546944, 61678, 16116.30
54, 19327352832, 30457, 32600.29
55, 19327352832, 13632, 73338.49
56, 19327352832, 18320, 54164.05
57, 19327352832, 17810, 55960.42
58, 19327352832, 20606, 48451.05
59, 19327352832, 19553, 50932.14
60, 19327352832, 19599, 51084.82
61, 19327352832, 20072, 49695.35
62, 19327352832, 19827, 50060.63
63, 19327352832, 21287, 46802.64
64, 19327352832, 18822, 53206.62
65, 19327352832, 10832, 91769.08
66, 19327352832, 14136, 70868.13
67, 19327352832, 16248, 62162.46
68, 19327352832, 20432, 48237.53
69, 19327352832, 25008, 39953.67
70, 19327352832, 29176, 33786.68
71, 19327352832, 29112, 34126.79
72, 19327352832, 28520, 35592.57
73, 19327352832, 26415, 36816.43
74, 19327352832, 33017, 30117.72
75, 19327352832, 38354, 25927.22
76, 19327352832, 36919, 26951.89
77, 19327352832, 37271, 26695.56
78, 19327352832, 37640, 26423.50
79, 19327352832, 38880, 25583.61
80, 19327352832, 35912, 27710.09
81, 19327352832, 34056, 29360.86
82, 19327352832, 34727, 28534.81
83, 19327352832, 36553, 27357.91
84, 19327352832, 33928, 29212.60
85, 19327352832, 32968, 30177.23
86, 19327352832, 33192, 29989.23
87, 19327352832, 35824, 27747.36
88, 19327352832, 31208, 31863.26
89, 19327352832, 34816, 28556.10
90, 19327352832, 37472, 26551.31
91, 19327352832, 39016, 25599.78
92, 19327352832, 37928, 26242.42
93, 19327352832, 38464, 25780.47
94, 19327352832, 39424, 25166.58
95, 19327352832, 38960, 25532.24
96, 19327352832, 37048, 26912.15
97, 19327352832, 37328, 26632.72
98, 19327352832, 36720, 27070.78
99, 19327352832, 32296, 30806.08
100, 19327352832, 30104, 33171.82
101, 19327352832, 30728, 32248.99
102, 19327352832, 37008, 26927.59
103, 19327352832, 39592, 25066.26
104, 19327352832, 38630, 25745.27
105, 19327352832, 39322, 25294.72
106, 19327352832, 40032, 24834.23
107, 19327352832, 38440, 25868.82
108, 19327352832, 36456, 27304.11
109, 19327352832, 36496, 27258.10
110, 19327352832, 36329, 27390.32
111, 19327352832, 36263, 27442.41
112, 19327352832, 32832, 30333.90
113, 19327352832, 28968, 34372.82
114, 19327352832, 28280, 35330.94
115, 19327352832, 28208, 35176.91
116, 19327352832, 35543, 27998.37
117, 19327352832, 37281, 26692.72
118, 19327352832, 31440, 31615.27
119, 19327352832, 27984, 35704.24
120, 19327352832, 31496, 31518.90
121, 19327352832, 36816, 27139.21
122, 19327352832, 37024, 26759.14
123, 19327352832, 37536, 26523.58
124, 19327352832, 34136, 29156.97
125, 19327352832, 36800, 27004.94
126, 19327352832, 36456, 27287.07
127, 19327352832, 36376, 27368.20
128, 19327352832, 36096, 27525.38
129, 19327352832, 34573, 28773.24
130, 19327352832, 34675, 28700.34
131, 19327352832, 36216, 27550.83
132, 19327352832, 35616, 27842.36
133, 19327352832, 36248, 27432.36
134, 19327352832, 35448, 28054.15
135, 19327352832, 37432, 26578.33
136, 19327352832, 36424, 27499.02
137, 19327352832, 36362, 27202.39
138, 19327352832, 38262, 25989.46
139, 19327352832, 36832, 27120.58
140, 19327352832, 36448, 27270.34
141, 19327352832, 37160, 26731.89
142, 19327352832, 37072, 26927.90
143, 19327352832, 37968, 26101.75
144, 19327352832, 36024, 27595.40
145, 19327352832, 31104, 32014.26
146, 19327352832, 28816, 34549.90
147, 19327352832, 33264, 30027.09
148, 19327352832, 31177, 31822.31
149, 19327352832, 35183, 28381.44
150, 19327352832, 35232, 28147.25
151, 19327352832, 37648, 26408.74
152, 19327352832, 36096, 27658.55
153, 19327352832, 37040, 26919.14
154, 19327352832, 37392, 26575.75
155, 19327352832, 38112, 26121.76
156, 19327352832, 36701, 26963.45
157, 19327352832, 37003, 26961.92
158, 19327352832, 37548, 26421.36
159, 19327352832, 37060, 26839.50
160, 19327352832, 36192, 27527.22
161, 19327352832, 34672, 28652.05
162, 19327352832, 32528, 30593.02
163, 19327352832, 30953, 32171.19
164, 19327352832, 29567, 33656.57
165, 19327352832, 29064, 34404.77
166, 19327352832, 28816, 34500.57
167, 19327352832, 30288, 32896.57
168, 19327352832, 31800, 31212.14
169, 19327352832, 31424, 31689.88
170, 19327352832, 37081, 26814.37
171, 19327352832, 38079, 26160.84
172, 19327352832, 38272, 25971.33
173, 19327352832, 38016, 26281.50
174, 19327352832, 37346, 26523.55
175, 19327352832, 35510, 28234.18
176, 19327352832, 34504, 28625.77
177, 19327352832, 34737, 28635.63
178, 19327352832, 37095, 26796.40
179, 19327352832, 34840, 28636.69
180, 19327352832, 35696, 27817.70
181, 19327352832, 37168, 26796.98
182, 19327352832, 34288, 28968.04
183, 19327352832, 30928, 32177.07
184, 19327352832, 32864, 30285.46
185, 19327352832, 38000, 26308.35
186, 19327352832, 36312, 27307.94
187, 19327352832, 33376, 29838.99
188, 19327352832, 36248, 27567.11
189, 19327352832, 36224, 27317.36
190, 19327352832, 36763, 27015.49
191, 19327352832, 35725, 27940.07
192, 19327352832, 35496, 27933.90
193, 19327352832, 26987, 36889.35
194, 19327352832, 30517, 32700.76
195, 19327352832, 35408, 28025.90
