Elapsed_Time(s), Memory_Usage(Bytes), Access_Count, Avg_Latency(ns)
0, 279777280, 68306, 1662.54
1, 2701225984, 591174, 1636.01
2, 5030072320, 568566, 1703.36
3, 7065206784, 496859, 1957.10
4, 8301879296, 301922, 3256.40
5, 9055481856, 183985, 5379.82
6, 9343000576, 70195, 14273.43
7, 9367711744, 6033, 180592.70
8, 9375830016, 1982, 608475.74
9, 9478635520, 25099, 28296.53
10, 9737592832, 63222, 15633.87
11, 10001739776, 64489, 15381.08
12, 10159849472, 38601, 26273.45
13, 10408091648, 60606, 16196.87
14, 10773909504, 89311, 10977.80
15, 11036123136, 64017, 15502.57
16, 11281551360, 59919, 16667.47
17, 11514519552, 56877, 17469.05
18, 11723345920, 50983, 19485.87
19, 11928453120, 50075, 19852.45
20, 12142448640, 52245, 19160.67
21, 12372795392, 56237, 17644.64
22, 12584296448, 51636, 19264.63
23, 12766846976, 44568, 22403.85
24, 13023043584, 62548, 15957.69
25, 13262512128, 58464, 16978.92
26, 13479251968, 52915, 18848.05
27, 13695807488, 52870, 19041.68
28, 13889691648, 47335, 21010.26
29, 14069841920, 43982, 22439.28
30, 14272602112, 49502, 20306.22
31, 14512914432, 58670, 17091.98
32, 14761549824, 60702, 16203.60
33, 15006593024, 59825, 16772.11
34, 15259742208, 61804, 16309.37
35, 15475339264, 52636, 18742.89
36, 15718072320, 59261, 16888.84
37, 15969558528, 61398, 16006.23
38, 16289636352, 78144, 12662.77
39, 16561397760, 66348, 15076.23
40, 16851546112, 70837, 13973.73
41, 17113235456, 63889, 15621.51
42, 17381584896, 65515, 15151.42
43, 17693208576, 76080, 13231.19
44, 18043658240, 85559, 11629.59
45, 18275524608, 56608, 17344.27
46, 18447839232, 42069, 24268.29
47, 18623926272, 42990, 22773.31
48, 18882465792, 63120, 15918.46
49, 19054616576, 42029, 23405.31
50, 19237400576, 44625, 22779.11
51, 19327352832, 25922, 38218.72
52, 19327352832, 9360, 105667.68
53, 19327352832, 13816, 72172.49
54, 19327352832, 16192, 61304.64
55, 19327352832, 14312, 70029.91
56, 19327352832, 17324, 57162.70
57, 19327352832, 17452, 57267.44
58, 19327352832, 20048, 49680.94
59, 19327352832, 19624, 50728.29
60, 19327352832, 19632, 50974.93
61, 19327352832, 20528, 48597.83
62, 19327352832, 19208, 51680.16
63, 19327352832, 21112, 47200.27
64, 19327352832, 18776, 53466.52
65, 19327352832, 13712, 72445.58
66, 19327352832, 14416, 69436.58
67, 19327352832, 16816, 59950.34
68, 19327352832, 21744, 45395.69
69, 19327352832, 26784, 37180.47
70, 19327352832, 30514, 32396.19
71, 19327352832, 29269, 33970.21
72, 19327352832, 30761, 33003.10
73, 19327352832, 30288, 32197.92
74, 19327352832, 34344, 28954.86
75, 19327352832, 39424, 25218.19
76, 19327352832, 38792, 25640.76
77, 19327352832, 38456, 25860.28
78, 19327352832, 37080, 26827.17
79, 19327352832, 39752, 25026.65
80, 19327352832, 35888, 27694.77
81, 19327352832, 33232, 30069.03
82, 19327352832, 35336, 28027.18
83, 19327352832, 35784, 27897.47
84, 19327352832, 35928, 27621.94
85, 19327352832, 35096, 28332.38
86, 19327352832, 34384, 28928.99
87, 19327352832, 36208, 27463.78
88, 19327352832, 32624, 30484.03
89, 19327352832, 35632, 27914.89
90, 19327352832, 38208, 26027.84
91, 19327352832, 39608, 25198.28
92, 19327352832, 40528, 24562.78
93, 19327352832, 40296, 24599.91
94, 19327352832, 40376, 24567.63
95, 19327352832, 39544, 25145.51
96, 19327352832, 38408, 25943.08
97, 19327352832, 38420, 25833.23
98, 19327352832, 37885, 26243.73
99, 19327352832, 34031, 29216.43
100, 19327352832, 31952, 31279.63
101, 19327352832, 32144, 30811.39
102, 19327352832, 37360, 26672.96
103, 19327352832, 39436, 25167.10
104, 19327352832, 38204, 26033.49
105, 19327352832, 38904, 25559.24
106, 19327352832, 40120, 24773.79
107, 19327352832, 38673, 25706.83
108, 19327352832, 37680, 26399.02
109, 19327352832, 37599, 26456.30
110, 19327352832, 36701, 27111.61
111, 19327352832, 36683, 27118.61
112, 19327352832, 32632, 30479.20
113, 19327352832, 30572, 32531.33
114, 19327352832, 29044, 34375.94
115, 19327352832, 28541, 34739.43
116, 19327352832, 35891, 27723.19
117, 19327352832, 37056, 26834.53
118, 19327352832, 31736, 31323.23
119, 19327352832, 28048, 35548.48
120, 19327352832, 31160, 31824.18
121, 19327352832, 38512, 25935.08
122, 19327352832, 37464, 26454.10
123, 19327352832, 37162, 26762.71
124, 19327352832, 35070, 28377.33
125, 19327352832, 37312, 26618.68
126, 19327352832, 37568, 26470.09
127, 19327352832, 37184, 26749.34
128, 19327352832, 37752, 26348.71
129, 19327352832, 35584, 27953.44
130, 19327352832, 35760, 27813.61
131, 19327352832, 35824, 27843.84
132, 19327352832, 37382, 26534.09
133, 19327352832, 37482, 26541.47
134, 19327352832, 35399, 28103.67
135, 19327352832, 37617, 26443.58
136, 19327352832, 36096, 27742.50
137, 19327352832, 37464, 26372.19
138, 19327352832, 38136, 26075.36
139, 19327352832, 37616, 26538.40
140, 19327352832, 35760, 27807.31
141, 19327352832, 38256, 25919.81
142, 19327352832, 38128, 26242.77
143, 19327352832, 37488, 26466.05
144, 19327352832, 35232, 28129.43
145, 19327352832, 32570, 30508.17
146, 19327352832, 29158, 34122.87
147, 19327352832, 33696, 29561.17
148, 19327352832, 32760, 30330.07
149, 19327352832, 36456, 27373.85
150, 19327352832, 36774, 26958.01
151, 19327352832, 37858, 26275.00
152, 19327352832, 35512, 28123.87
153, 19327352832, 36192, 27562.25
154, 19327352832, 36216, 27406.26
155, 19327352832, 38800, 25652.49
156, 19327352832, 37072, 26722.56
157, 19327352832, 37552, 26579.26
158, 19327352832, 37096, 26730.21
159, 19327352832, 36921, 26947.46
160, 19327352832, 36599, 27201.10
161, 19327352832, 36344, 27308.90
162, 19327352832, 33148, 30017.35
163, 19327352832, 31892, 31192.21
164, 19327352832, 31357, 31721.64
165, 19327352832, 29027, 34418.08
166, 19327352832, 28032, 35431.06
167, 19327352832, 30928, 32173.65
168, 19327352832, 32136, 30874.35
169, 19327352832, 32720, 30427.34
170, 19327352832, 36976, 26898.24
171, 19327352832, 38729, 25667.60
172, 19327352832, 36791, 27041.44
173, 19327352832, 38976, 25591.56
174, 19327352832, 36404, 27246.92
175, 19327352832, 36756, 27228.27
176, 19327352832, 34320, 28803.93
177, 19327352832, 35200, 28248.44
178, 19327352832, 35692, 27863.00
179, 19327352832, 35340, 28209.24
180, 19327352832, 37568, 26431.65
181, 19327352832, 36560, 27248.90
182, 19327352832, 33888, 29364.16
183, 19327352832, 31496, 31567.36
184, 19327352832, 32664, 30468.46
185, 19327352832, 38384, 25998.83
186, 19327352832, 37392, 26519.12
187, 19327352832, 34464, 28871.86
188, 19327352832, 37224, 26887.34
189, 19327352832, 36960, 26779.31
190, 19327352832, 37320, 26650.22
191, 19327352832, 37544, 26561.19
192, 19327352832, 36007, 27545.96
