Elapsed_Time(s), Memory_Usage(Bytes), Access_Count, Avg_Latency(ns)
0, 125870080, 30731, 3848.86
1, 1123721216, 243616, 4038.81
2, 2286555136, 283895, 3456.24
3, 3421913088, 277187, 3541.27
4, 4183425024, 185916, 5312.24
5, 4897603584, 174360, 5710.34
6, 5232599040, 81786, 12272.73
7, 5257224192, 6012, 190480.95
8, 5272915968, 3831, 231064.97
9, 5355446272, 20149, 48076.21
10, 5528449024, 42237, 23283.91
11, 5733085184, 49960, 20018.25
12, 5961342976, 55727, 18202.96
13, 6168444928, 50562, 19456.68
14, 6348242944, 43896, 22527.35
15, 6603886592, 62413, 15937.30
16, 6848356352, 59685, 16643.07
17, 7120105472, 66345, 15061.71
18, 7370530816, 61139, 16223.42
19, 7646466048, 67367, 14788.12
20, 7914315776, 65393, 15273.85
21, 8197812224, 69213, 14304.19
22, 8447750144, 61020, 16312.12
23, 8669163520, 54056, 18442.88
24, 8955637760, 69940, 14284.86
25, 9271017472, 76997, 12868.70
26, 9590935552, 78105, 12743.49
27, 9845096448, 62051, 16227.20
28, 10054291456, 51073, 19460.16
29, 10299318272, 59821, 16490.38
30, 10566303744, 65182, 15368.12
31, 10821242880, 62241, 16148.40
32, 11067510784, 60124, 16469.05
33, 11320999936, 61887, 16089.10
34, 11544240128, 54502, 18458.17
35, 11762782208, 53355, 18557.49
36, 11950968832, 45944, 21764.49
37, 12191768576, 58789, 16715.55
38, 12466270208, 67017, 14777.62
39, 12743790592, 67754, 14761.37
40, 12999569408, 62446, 15884.59
41, 13267042304, 65301, 15269.31
42, 13518487552, 61388, 16164.00
43, 13810352128, 71256, 14143.60
44, 14106284032, 72249, 13790.60
45, 14350327808, 59581, 16466.98
46, 14542376960, 46887, 21769.69
47, 14684745728, 34758, 28271.05
48, 14870290432, 45299, 22160.97
49, 15036866560, 40668, 24193.11
50, 15176806400, 34165, 29741.63
51, 15305900032, 31517, 30960.66
52, 15452499968, 35791, 28198.92
53, 15675805696, 54518, 18169.38
54, 15947902976, 66430, 14925.69
55, 16212443136, 64585, 15442.05
56, 16504741888, 71362, 13886.66
57, 16825761792, 78374, 12750.47
58, 17174859776, 85229, 11610.05
59, 17541087232, 89411, 11106.35
60, 17902768128, 88301, 11302.39
61, 18284195840, 93122, 10674.83
62, 18674139136, 95201, 10388.62
63, 19098021888, 103487, 9592.32
64, 19327352832, 64430, 15576.00
65, 19327352832, 12336, 80296.07
66, 19327352832, 12528, 79968.52
67, 19327352832, 16208, 61926.59
68, 19327352832, 23216, 42631.11
69, 19327352832, 27064, 36855.32
70, 19327352832, 29327, 33732.32
71, 19327352832, 28977, 34302.26
72, 19327352832, 30184, 33711.98
73, 19327352832, 28624, 33963.26
74, 19327352832, 32488, 30617.49
75, 19327352832, 37592, 26464.36
76, 19327352832, 37464, 26566.59
77, 19327352832, 37864, 26280.65
78, 19327352832, 36776, 27064.99
79, 19327352832, 38520, 25808.00
80, 19327352832, 35544, 27976.43
81, 19327352832, 33496, 29823.18
82, 19327352832, 35920, 27580.73
83, 19327352832, 35920, 27775.07
84, 19327352832, 34056, 29142.23
85, 19327352832, 32856, 30236.16
86, 19327352832, 31695, 31425.91
87, 19327352832, 34390, 28935.08
88, 19327352832, 30659, 32459.23
89, 19327352832, 33936, 29294.97
90, 19327352832, 35768, 27816.23
91, 19327352832, 37792, 26393.85
92, 19327352832, 36248, 27497.05
93, 19327352832, 38248, 25929.51
94, 19327352832, 37568, 26398.97
95, 19327352832, 37464, 26565.67
96, 19327352832, 36552, 27313.39
97, 19327352832, 36243, 27382.34
98, 19327352832, 35409, 28121.21
99, 19327352832, 30439, 32710.30
100, 19327352832, 29933, 33431.46
101, 19327352832, 29698, 33249.55
102, 19327352832, 35558, 27978.28
103, 19327352832, 38904, 25555.84
104, 19327352832, 39824, 24965.48
105, 19327352832, 40673, 24444.38
106, 19327352832, 39881, 24924.54
107, 19327352832, 38846, 25605.27
108, 19327352832, 37969, 26192.36
109, 19327352832, 37501, 26524.19
110, 19327352832, 39106, 25434.49
111, 19327352832, 37640, 26423.05
112, 19327352832, 32656, 30447.29
113, 19327352832, 29616, 33589.21
114, 19327352832, 29088, 34298.56
115, 19327352832, 28824, 34369.08
116, 19327352832, 34920, 28475.56
117, 19327352832, 36797, 27035.21
118, 19327352832, 32995, 30180.26
119, 19327352832, 26976, 36930.93
120, 19327352832, 31125, 31837.15
121, 19327352832, 36851, 27094.95
122, 19327352832, 37960, 26105.96
123, 19327352832, 37429, 26570.96
124, 19327352832, 35275, 28237.04
125, 19327352832, 36132, 27492.99
126, 19327352832, 34796, 28595.32
127, 19327352832, 37088, 26839.84
128, 19327352832, 37216, 26709.77
129, 19327352832, 36884, 26978.71
130, 19327352832, 35580, 27944.04
131, 19327352832, 36264, 27522.21
132, 19327352832, 36912, 26852.30
133, 19327352832, 36256, 27430.03
134, 19327352832, 36416, 27320.06
135, 19327352832, 37755, 26323.29
136, 19327352832, 37157, 26944.12
137, 19327352832, 38000, 25998.15
138, 19327352832, 37546, 26493.70
139, 19327352832, 36950, 27045.64
140, 19327352832, 36080, 27559.28
141, 19327352832, 37680, 26316.89
142, 19327352832, 36688, 27275.20
143, 19327352832, 38280, 25897.80
144, 19327352832, 36736, 27030.70
145, 19327352832, 30176, 33001.82
146, 19327352832, 29614, 33587.48
147, 19327352832, 33114, 30051.39
148, 19327352832, 30720, 32394.65
149, 19327352832, 34824, 28656.95
150, 19327352832, 35096, 28258.24
151, 19327352832, 37101, 26806.00
152, 19327352832, 36243, 27542.68
153, 19327352832, 37344, 26617.30
154, 19327352832, 37064, 26852.66
155, 19327352832, 36928, 26987.46
156, 19327352832, 36994, 26767.79
157, 19327352832, 38262, 26027.66
158, 19327352832, 40080, 24791.54
159, 19327352832, 38832, 25615.42
160, 19327352832, 36944, 26944.06
161, 19327352832, 36072, 27526.44
162, 19327352832, 32856, 30289.18
163, 19327352832, 29528, 33684.24
164, 19327352832, 29147, 34143.46
165, 19327352832, 28725, 34789.95
166, 19327352832, 27856, 35643.10
167, 19327352832, 31672, 31401.61
168, 19327352832, 30928, 32152.41
169, 19327352832, 30945, 32168.36
170, 19327352832, 36727, 27092.18
171, 19327352832, 38928, 25574.13
172, 19327352832, 37336, 26619.30
173, 19327352832, 37976, 26281.68
174, 19327352832, 38464, 25776.55
175, 19327352832, 35584, 28143.16
176, 19327352832, 34880, 28334.28
177, 19327352832, 35816, 27763.35
178, 19327352832, 36120, 27540.69
179, 19327352832, 34648, 28709.99
180, 19327352832, 37818, 26290.59
181, 19327352832, 38334, 25962.19
182, 19327352832, 35768, 27853.34
183, 19327352832, 32279, 30777.82
184, 19327352832, 35073, 28371.83
185, 19327352832, 37632, 26554.64
186, 19327352832, 35984, 27549.99
187, 19327352832, 34336, 28976.09
188, 19327352832, 37944, 26357.34
189, 19327352832, 36848, 26945.45
190, 19327352832, 37320, 26608.99
191, 19327352832, 37984, 26258.33
192, 19327352832, 35512, 27937.46
193, 19327352832, 27960, 35595.48
194, 19327352832, 31048, 32105.67
195, 19327352832, 36472, 27222.47
196, 19327352832, 37096, 26809.41
197, 19327352832, 37240, 26865.51
198, 19327352832, 37160, 26676.57
199, 19327352832, 39840, 25016.91
