Elapsed_Time(s), Memory_Usage(Bytes), Access_Count, Avg_Latency(ns)
0, 140615680, 34331, 3692.38
1, 1134288896, 242596, 4055.72
2, 2175750144, 254263, 3866.36
3, 3108466688, 227714, 4324.99
4, 3733045248, 152485, 6491.40
5, 4346720256, 149823, 6617.00
6, 4674568192, 80041, 12614.05
7, 4706729984, 7852, 130662.55
8, 4717027328, 2514, 429891.61
9, 4811202560, 22992, 38779.72
10, 4999700480, 46020, 21332.47
11, 5242748928, 59338, 16875.90
12, 5482278912, 58479, 17264.16
13, 5704986624, 54372, 18137.68
14, 5905190912, 48878, 20272.63
15, 6172868608, 65351, 15238.27
16, 6434693120, 63922, 15564.83
17, 6691676160, 62740, 15875.52
18, 6960140288, 65543, 15117.65
19, 7226789888, 65100, 15289.14
20, 7481049088, 62075, 16118.37
21, 7781474304, 73346, 13494.07
22, 8051576832, 65943, 15094.08
23, 8291483648, 58571, 17023.56
24, 8596975616, 74583, 13380.56
25, 8918634496, 78530, 12618.26
26, 9257299968, 82682, 12034.43
27, 9512656896, 62343, 16152.10
28, 9725689856, 52010, 19070.64
29, 9980682240, 62254, 15876.22
30, 10242068480, 63815, 15612.90
31, 10485547008, 59443, 16995.66
32, 10723360768, 58060, 17034.64
33, 10973466624, 61061, 16359.28
34, 11212128256, 58267, 17231.59
35, 11435917312, 54636, 18156.05
36, 11637297152, 49165, 20316.56
37, 11838791680, 49193, 19996.26
38, 11990016000, 36920, 27113.48
39, 12213493760, 54560, 18093.08
40, 12463271936, 60981, 16322.92
41, 12705480704, 59133, 16836.92
42, 12952715264, 60360, 16532.93
43, 13202276352, 60928, 16302.09
44, 13376286720, 42483, 23811.35
45, 13598760960, 54315, 18123.07
46, 13808541696, 51216, 19796.05
47, 14018502656, 51260, 19182.25
48, 14226264064, 50723, 19768.32
49, 14436896768, 51424, 19166.04
50, 14645645312, 50964, 19910.34
51, 14845341696, 48754, 20340.94
52, 15080857600, 57499, 17226.65
53, 15318134784, 57929, 17104.07
54, 15546142720, 55666, 17817.21
55, 15808077824, 63949, 15585.38
56, 16092086272, 69338, 14307.81
57, 16381206528, 70586, 14138.28
58, 16691142656, 75668, 13119.52
59, 17011105792, 78116, 12741.76
60, 17324105728, 76416, 13040.65
61, 17647460352, 78944, 12599.66
62, 17965703168, 77696, 12752.61
63, 18236035072, 65999, 15164.16
64, 18476208128, 58636, 16978.14
65, 18737319936, 63748, 15549.50
66, 19017998336, 68525, 14613.84
67, 19327352832, 76935, 13029.58
68, 19327352832, 20824, 47368.34
69, 19327352832, 27688, 36108.79
70, 19327352832, 29292, 33655.00
71, 19327352832, 29765, 33460.12
72, 19327352832, 30191, 33720.74
73, 19327352832, 28000, 34736.39
74, 19327352832, 32960, 30197.23
75, 19327352832, 37856, 26275.79
76, 19327352832, 35848, 27754.86
77, 19327352832, 37307, 26662.62
78, 19327352832, 36957, 26912.37
79, 19327352832, 37664, 26426.04
80, 19327352832, 35392, 28099.32
81, 19327352832, 34840, 28660.64
82, 19327352832, 35920, 27567.19
83, 19327352832, 36528, 27266.07
84, 19327352832, 36184, 27465.71
85, 19327352832, 34512, 28830.53
86, 19327352832, 32817, 30327.89
87, 19327352832, 33015, 30111.15
88, 19327352832, 30424, 32685.08
89, 19327352832, 34112, 29159.54
90, 19327352832, 37584, 26466.08
91, 19327352832, 36448, 27392.52
92, 19327352832, 36192, 27507.23
93, 19327352832, 37168, 26700.05
94, 19327352832, 37360, 26525.38
95, 19327352832, 37539, 26497.63
96, 19327352832, 37181, 26843.81
97, 19327352832, 36416, 27250.95
98, 19327352832, 35296, 28179.17
99, 19327352832, 31584, 31506.88
100, 19327352832, 31744, 31473.82
101, 19327352832, 30888, 32044.77
102, 19327352832, 35944, 27739.94
103, 19327352832, 40779, 24331.65
104, 19327352832, 38685, 25720.29
105, 19327352832, 39277, 25315.42
106, 19327352832, 39611, 25092.28
107, 19327352832, 38696, 25691.53
108, 19327352832, 36952, 26925.90
109, 19327352832, 38280, 25993.57
110, 19327352832, 37360, 26632.13
111, 19327352832, 36429, 27304.33
112, 19327352832, 32067, 31020.44
113, 19327352832, 28503, 34925.68
114, 19327352832, 29401, 33996.73
115, 19327352832, 29608, 33497.43
116, 19327352832, 36656, 27117.94
117, 19327352832, 36430, 27313.87
118, 19327352832, 30634, 32453.98
119, 19327352832, 28232, 35361.97
120, 19327352832, 31656, 31391.99
121, 19327352832, 36984, 27016.85
122, 19327352832, 36988, 26769.54
123, 19327352832, 38356, 25932.19
124, 19327352832, 35744, 27864.64
125, 19327352832, 36528, 27203.41
126, 19327352832, 35776, 27813.37
127, 19327352832, 37440, 26584.73
128, 19327352832, 40280, 24675.61
129, 19327352832, 37665, 26413.41
130, 19327352832, 36599, 27185.72
131, 19327352832, 36472, 27336.00
132, 19327352832, 36768, 26988.15
133, 19327352832, 37807, 26299.93
134, 19327352832, 35573, 27966.17
135, 19327352832, 37732, 26347.57
136, 19327352832, 35984, 27826.96
137, 19327352832, 36712, 26922.43
138, 19327352832, 39398, 25246.77
139, 19327352832, 38154, 26162.06
140, 19327352832, 35408, 28048.52
141, 19327352832, 36778, 26997.92
142, 19327352832, 36678, 27264.32
143, 19327352832, 37384, 26575.24
144, 19327352832, 35560, 27838.32
145, 19327352832, 32472, 30587.39
146, 19327352832, 29584, 33611.24
147, 19327352832, 33608, 29656.77
148, 19327352832, 32852, 30208.16
149, 19327352832, 35100, 28450.92
150, 19327352832, 34816, 28475.86
151, 19327352832, 37424, 26587.94
152, 19327352832, 35504, 28114.80
153, 19327352832, 37088, 26875.41
154, 19327352832, 36640, 27033.09
155, 19327352832, 38640, 25811.83
156, 19327352832, 36407, 27230.57
157, 19327352832, 35953, 27754.89
158, 19327352832, 36481, 27184.86
159, 19327352832, 36815, 27025.96
160, 19327352832, 35280, 28229.63
161, 19327352832, 34936, 28453.12
162, 19327352832, 31560, 31539.81
163, 19327352832, 30127, 33040.78
164, 19327352832, 29882, 33306.58
165, 19327352832, 31463, 31791.00
166, 19327352832, 28336, 34876.82
167, 19327352832, 30712, 32405.69
168, 19327352832, 30488, 32625.27
169, 19327352832, 33016, 30117.37
170, 19327352832, 37288, 26675.57
171, 19327352832, 37408, 26633.52
172, 19327352832, 37160, 26730.26
173, 19327352832, 39248, 25420.51
174, 19327352832, 36424, 27221.89
175, 19327352832, 34640, 28947.09
176, 19327352832, 33976, 29066.23
177, 19327352832, 34400, 28921.79
178, 19327352832, 36944, 26915.44
179, 19327352832, 36280, 27419.42
180, 19327352832, 37040, 26839.95
181, 19327352832, 36272, 27449.31
182, 19327352832, 34320, 29004.08
183, 19327352832, 30438, 32656.31
184, 19327352832, 34146, 29140.71
185, 19327352832, 38064, 26215.54
186, 19327352832, 38304, 25905.14
187, 19327352832, 34587, 28806.26
188, 19327352832, 36869, 27110.44
189, 19327352832, 38152, 25935.96
190, 19327352832, 36264, 27407.33
191, 19327352832, 36728, 27173.73
192, 19327352832, 34736, 28541.20
193, 19327352832, 27160, 36656.65
194, 19327352832, 30424, 32802.16
195, 19327352832, 36952, 26829.33
196, 19327352832, 37339, 26630.09
197, 19327352832, 37413, 26688.51
198, 19327352832, 38976, 25419.56
199, 19327352832, 40624, 24572.66
200, 19327352832, 51904, 19056.07
